[    0.000000] Linux version 4.15.0-20-generic (buildd@lgw01-amd64-039) (gcc version 7.3.0 (Ubuntu 7.3.0-16ubuntu3)) #21-Ubuntu SMP Tue Apr 24 06:16:15 UTC 2018 (Ubuntu 4.15.0-20.21-generic 4.15.17)
[    0.000000] Command line: BOOT_IMAGE=/boot/vmlinuz-4.15.0-20-generic root=LABEL=cloudimg-rootfs ro console=tty1 console=ttyS0
[    0.000000] KERNEL supported cpus:
[    0.000000]   Intel GenuineIntel
[    0.000000]   AMD AuthenticAMD
[    0.000000]   Centaur CentaurHauls
[    0.000000] x86/fpu: Supporting XSAVE feature 0x001: 'x87 floating point registers'
[    0.000000] x86/fpu: Supporting XSAVE feature 0x002: 'SSE registers'
[    0.000000] x86/fpu: Supporting XSAVE feature 0x004: 'AVX registers'
[    0.000000] x86/fpu: xstate_offset[2]:  576, xstate_sizes[2]:  256
[    0.000000] x86/fpu: Enabled xstate features 0x7, context size is 832 bytes, using 'standard' format.
[    0.000000] e820: BIOS-provided physical RAM map:
[    0.000000] BIOS-e820: [mem 0x0000000000000000-0x000000000009fbff] usable
[    0.000000] BIOS-e820: [mem 0x000000000009fc00-0x000000000009ffff] reserved
[    0.000000] BIOS-e820: [mem 0x00000000000f0000-0x00000000000fffff] reserved
[    0.000000] BIOS-e820: [mem 0x0000000000100000-0x000000003ffeffff] usable
[    0.000000] BIOS-e820: [mem 0x000000003fff0000-0x000000003fffffff] ACPI data
[    0.000000] BIOS-e820: [mem 0x00000000fec00000-0x00000000fec00fff] reserved
[    0.000000] BIOS-e820: [mem 0x00000000fee00000-0x00000000fee00fff] reserved
[    0.000000] BIOS-e820: [mem 0x00000000fffc0000-0x00000000ffffffff] reserved
[    0.000000] NX (Execute Disable) protection: active
[    0.000000] random: fast init done
[    0.000000] SMBIOS 2.5 present.
[    0.000000] DMI: innotek GmbH VirtualBox/VirtualBox, BIOS VirtualBox 12/01/2006
[    0.000000] Hypervisor detected: KVM
[    0.000000] e820: last_pfn = 0x3fff0 max_arch_pfn = 0x400000000
[    0.000000] MTRR: Disabled
[    0.000000] x86/PAT: MTRRs disabled, skipping PAT initialization too.
[    0.000000] CPU MTRRs all blank - virtualized system.
[    0.000000] x86/PAT: Configuration [0-7]: WB  WT  UC- UC  WB  WT  UC- UC  
[    0.000000] found SMP MP-table at [mem 0x0009fff0-0x0009ffff] mapped at [        (ptrval)]
[    0.000000] Scanning 1 areas for low memory corruption
[    0.000000] RAMDISK: [mem 0x35b1f000-0x36d86fff]
[    0.000000] ACPI: Early table checksum verification disabled
[    0.000000] ACPI: RSDP 0x00000000000E0000 000024 (v02 VBOX  )
[    0.000000] ACPI: XSDT 0x000000003FFF0030 00003C (v01 VBOX   VBOXXSDT 00000001 ASL  00000061)
[    0.000000] ACPI: FACP 0x000000003FFF00F0 0000F4 (v04 VBOX   VBOXFACP 00000001 ASL  00000061)
[    0.000000] ACPI: DSDT 0x000000003FFF0470 0021FF (v02 VBOX   VBOXBIOS 00000002 INTL 20100528)
[    0.000000] ACPI: FACS 0x000000003FFF0200 000040
[    0.000000] ACPI: FACS 0x000000003FFF0200 000040
[    0.000000] ACPI: APIC 0x000000003FFF0240 000054 (v02 VBOX   VBOXAPIC 00000001 ASL  00000061)
[    0.000000] ACPI: SSDT 0x000000003FFF02A0 0001CC (v01 VBOX   VBOXCPUT 00000002 INTL 20100528)
[    0.000000] No NUMA configuration found
[    0.000000] Faking a node at [mem 0x0000000000000000-0x000000003ffeffff]
[    0.000000] NODE_DATA(0) allocated [mem 0x3ffc5000-0x3ffeffff]
[    0.000000] kvm-clock: cpu 0, msr 0:3ff44001, primary cpu clock
[    0.000000] kvm-clock: Using msrs 4b564d01 and 4b564d00
[    0.000000] kvm-clock: using sched offset of 4807697004 cycles
[    0.000000] clocksource: kvm-clock: mask: 0xffffffffffffffff max_cycles: 0x1cd42e4dffb, max_idle_ns: 881590591483 ns
[    0.000000] Zone ranges:
[    0.000000]   DMA      [mem 0x0000000000001000-0x0000000000ffffff]
[    0.000000]   DMA32    [mem 0x0000000001000000-0x000000003ffeffff]
[    0.000000]   Normal   empty
[    0.000000]   Device   empty
[    0.000000] Movable zone start for each node
[    0.000000] Early memory node ranges
[    0.000000]   node   0: [mem 0x0000000000001000-0x000000000009efff]
[    0.000000]   node   0: [mem 0x0000000000100000-0x000000003ffeffff]
[    0.000000] Initmem setup node 0 [mem 0x0000000000001000-0x000000003ffeffff]
[    0.000000] Reserved but unavailable: 98 pages
[    0.000000] ACPI: PM-Timer IO Port: 0x4008
[    0.000000] IOAPIC[0]: apic_id 1, version 32, address 0xfec00000, GSI 0-23
[    0.000000] ACPI: INT_SRC_OVR (bus 0 bus_irq 0 global_irq 2 dfl dfl)
[    0.000000] ACPI: INT_SRC_OVR (bus 0 bus_irq 9 global_irq 9 low level)
[    0.000000] Using ACPI (MADT) for SMP configuration information
[    0.000000] smpboot: Allowing 1 CPUs, 0 hotplug CPUs
[    0.000000] PM: Registered nosave memory: [mem 0x00000000-0x00000fff]
[    0.000000] PM: Registered nosave memory: [mem 0x0009f000-0x0009ffff]
[    0.000000] PM: Registered nosave memory: [mem 0x000a0000-0x000effff]
[    0.000000] PM: Registered nosave memory: [mem 0x000f0000-0x000fffff]
[    0.000000] e820: [mem 0x40000000-0xfebfffff] available for PCI devices
[    0.000000] Booting paravirtualized kernel on KVM
[    0.000000] clocksource: refined-jiffies: mask: 0xffffffff max_cycles: 0xffffffff, max_idle_ns: 7645519600211568 ns
[    0.000000] setup_percpu: NR_CPUS:8192 nr_cpumask_bits:1 nr_cpu_ids:1 nr_node_ids:1
[    0.000000] percpu: Embedded 46 pages/cpu @        (ptrval) s151552 r8192 d28672 u2097152
[    0.000000] PV qspinlock hash table entries: 256 (order: 0, 4096 bytes)
[    0.000000] Built 1 zonelists, mobility grouping on.  Total pages: 257913
[    0.000000] Policy zone: DMA32
[    0.000000] Kernel command line: BOOT_IMAGE=/boot/vmlinuz-4.15.0-20-generic root=LABEL=cloudimg-rootfs ro console=tty1 console=ttyS0
[    0.000000] Memory: 983924K/1048120K available (12300K kernel code, 2470K rwdata, 4240K rodata, 2404K init, 2416K bss, 64196K reserved, 0K cma-reserved)
[    0.000000] SLUB: HWalign=64, Order=0-3, MinObjects=0, CPUs=1, Nodes=1
[    0.000000] Kernel/User page tables isolation: enabled
[    0.000000] ftrace: allocating 39065 entries in 153 pages
[    0.004000] Hierarchical RCU implementation.
[    0.004000] 	RCU restricting CPUs from NR_CPUS=8192 to nr_cpu_ids=1.
[    0.004000] 	Tasks RCU enabled.
[    0.004000] RCU: Adjusting geometry for rcu_fanout_leaf=16, nr_cpu_ids=1
[    0.004000] NR_IRQS: 524544, nr_irqs: 256, preallocated irqs: 16
[    0.004000] Console: colour VGA+ 80x25
[    0.004000] console [tty1] enabled
[    0.004000] console [ttyS0] enabled
[    0.004000] ACPI: Core revision 20170831
[    0.004000] ACPI: 2 ACPI AML tables successfully acquired and loaded
[    0.004000] APIC: Switch to symmetric I/O mode setup
[    0.004300] x2apic enabled
[    0.008009] Switched APIC routing to physical x2apic.
[    0.013130] ..TIMER: vector=0x30 apic1=0 pin1=2 apic2=-1 pin2=-1
[    0.016008] tsc: Detected 2591.998 MHz processor
[    0.020014] Calibrating delay loop (skipped) preset value.. 5183.99 BogoMIPS (lpj=10367992)
[    0.024008] pid_max: default: 32768 minimum: 301
[    0.028045] Security Framework initialized
[    0.032007] Yama: becoming mindful.
[    0.036040] AppArmor: AppArmor initialized
[    0.044054] Dentry cache hash table entries: 131072 (order: 8, 1048576 bytes)
[    0.048076] Inode-cache hash table entries: 65536 (order: 7, 524288 bytes)
[    0.052033] Mount-cache hash table entries: 2048 (order: 2, 16384 bytes)
[    0.056017] Mountpoint-cache hash table entries: 2048 (order: 2, 16384 bytes)
[    0.060320] CPU: Physical Processor ID: 0
[    0.064029] mce: CPU supports 0 MCE banks
[    0.068021] process: using mwait in idle threads
[    0.072012] Last level iTLB entries: 4KB 64, 2MB 8, 4MB 8
[    0.076009] Last level dTLB entries: 4KB 64, 2MB 0, 4MB 0, 1GB 4
[    0.080007] Spectre V2 : Mitigation: Full generic retpoline
[    0.084007] Spectre V2 : Spectre v2 mitigation: Filling RSB on context switch
[    0.108985] Freeing SMP alternatives memory: 36K
[    0.116000] smpboot: CPU0: Intel(R) Core(TM) i7-6700HQ CPU @ 2.60GHz (family: 0x6, model: 0x5e, stepping: 0x3)
[    0.116096] Performance Events: unsupported p6 CPU model 94 no PMU driver, software events only.
[    0.120062] Hierarchical SRCU implementation.
[    0.124754] NMI watchdog: Perf event create on CPU 0 failed with -2
[    0.128007] NMI watchdog: Perf NMI watchdog permanently disabled
[    0.132066] smp: Bringing up secondary CPUs ...
[    0.136008] smp: Brought up 1 node, 1 CPU
[    0.140008] smpboot: Max logical packages: 1
[    0.144009] smpboot: Total of 1 processors activated (5183.99 BogoMIPS)
[    0.148159] devtmpfs: initialized
[    0.152075] x86/mm: Memory block size: 128MB
[    0.156173] evm: security.selinux
[    0.160013] evm: security.SMACK64
[    0.164008] evm: security.SMACK64EXEC
[    0.168008] evm: security.SMACK64TRANSMUTE
[    0.172007] evm: security.SMACK64MMAP
[    0.176008] evm: security.apparmor
[    0.180009] evm: security.ima
[    0.184008] evm: security.capability
[    0.188276] clocksource: jiffies: mask: 0xffffffff max_cycles: 0xffffffff, max_idle_ns: 7645041785100000 ns
[    0.192024] futex hash table entries: 256 (order: 2, 16384 bytes)
[    0.196119] pinctrl core: initialized pinctrl subsystem
[    0.200149] RTC time: 10:54:14, date: 05/22/18
[    0.204126] NET: Registered protocol family 16
[    0.208159] audit: initializing netlink subsys (disabled)
[    0.212201] cpuidle: using governor ladder
[    0.216019] audit: type=2000 audit(1526986455.408:1): state=initialized audit_enabled=0 res=1
[    0.220016] cpuidle: using governor menu
[    0.221119] ACPI: bus type PCI registered
[    0.222356] acpiphp: ACPI Hot Plug PCI Controller Driver version: 0.5
[    0.224136] PCI: Using configuration type 1 for base access
[    0.229015] HugeTLB registered 2.00 MiB page size, pre-allocated 0 pages
[    0.234606] ACPI: Added _OSI(Module Device)
[    0.236014] ACPI: Added _OSI(Processor Device)
[    0.240040] ACPI: Added _OSI(3.0 _SCP Extensions)
[    0.244008] ACPI: Added _OSI(Processor Aggregator Device)
[    0.248650] ACPI: Executed 1 blocks of module-level executable AML code
[    0.259528] ACPI: Interpreter enabled
[    0.260036] ACPI: (supports S0 S5)
[    0.264012] ACPI: Using IOAPIC for interrupt routing
[    0.268527] PCI: Using host bridge windows from ACPI; if necessary, use "pci=nocrs" and report a bug
[    0.272492] ACPI: Enabled 2 GPEs in block 00 to 07
[    0.290371] ACPI: PCI Root Bridge [PCI0] (domain 0000 [bus 00-ff])
[    0.292024] acpi PNP0A03:00: _OSC: OS supports [ASPM ClockPM Segments MSI]
[    0.296095] acpi PNP0A03:00: _OSC: not requesting OS control; OS requires [ExtendedConfig ASPM ClockPM MSI]
[    0.300030] acpi PNP0A03:00: fail to add MMCONFIG information, can't access extended PCI configuration space under this bridge.
[    0.304566] PCI host bridge to bus 0000:00
[    0.308013] pci_bus 0000:00: root bus resource [io  0x0000-0x0cf7 window]
[    0.312013] pci_bus 0000:00: root bus resource [io  0x0d00-0xffff window]
[    0.316012] pci_bus 0000:00: root bus resource [mem 0x000a0000-0x000bffff window]
[    0.320013] pci_bus 0000:00: root bus resource [mem 0x40000000-0xfdffffff window]
[    0.324014] pci_bus 0000:00: root bus resource [bus 00-ff]
[    0.333277] pci 0000:00:01.1: legacy IDE quirk: reg 0x10: [io  0x01f0-0x01f7]
[    0.336010] pci 0000:00:01.1: legacy IDE quirk: reg 0x14: [io  0x03f6]
[    0.340013] pci 0000:00:01.1: legacy IDE quirk: reg 0x18: [io  0x0170-0x0177]
[    0.344010] pci 0000:00:01.1: legacy IDE quirk: reg 0x1c: [io  0x0376]
[    0.370522] pci 0000:00:07.0: quirk: [io  0x4000-0x403f] claimed by PIIX4 ACPI
[    0.372031] pci 0000:00:07.0: quirk: [io  0x4100-0x410f] claimed by PIIX4 SMB
[    0.385751] ACPI: PCI Interrupt Link [LNKA] (IRQs 5 9 10 *11)
[    0.388362] ACPI: PCI Interrupt Link [LNKB] (IRQs 5 9 *10 11)
[    0.392204] ACPI: PCI Interrupt Link [LNKC] (IRQs 5 *9 10 11)
[    0.396186] ACPI: PCI Interrupt Link [LNKD] (IRQs 5 9 10 *11)
[    0.400816] SCSI subsystem initialized
[    0.404188] pci 0000:00:02.0: vgaarb: setting as boot VGA device
[    0.408000] pci 0000:00:02.0: vgaarb: VGA device added: decodes=io+mem,owns=io+mem,locks=none
[    0.408010] pci 0000:00:02.0: vgaarb: bridge control possible
[    0.412008] vgaarb: loaded
[    0.416058] ACPI: bus type USB registered
[    0.420052] usbcore: registered new interface driver usbfs
[    0.424040] usbcore: registered new interface driver hub
[    0.428039] usbcore: registered new device driver usb
[    0.432124] EDAC MC: Ver: 3.0.0
[    0.433968] PCI: Using ACPI for IRQ routing
[    0.436440] NetLabel: Initializing
[    0.437931] NetLabel:  domain hash size = 128
[    0.440008] NetLabel:  protocols = UNLABELED CIPSOv4 CALIPSO
[    0.444081] NetLabel:  unlabeled traffic allowed by default
[    0.448163] clocksource: Switched to clocksource kvm-clock
[    0.527991] VFS: Disk quotas dquot_6.6.0
[    0.549967] VFS: Dquot-cache hash table entries: 512 (order 0, 4096 bytes)
[    0.566650] AppArmor: AppArmor Filesystem Enabled
[    0.573963] pnp: PnP ACPI init
[    0.580550] pnp: PnP ACPI: found 3 devices
[    0.588196] clocksource: acpi_pm: mask: 0xffffff max_cycles: 0xffffff, max_idle_ns: 2085701024 ns
[    0.594143] NET: Registered protocol family 2
[    0.597478] TCP established hash table entries: 8192 (order: 4, 65536 bytes)
[    0.603002] TCP bind hash table entries: 8192 (order: 5, 131072 bytes)
[    0.614621] TCP: Hash tables configured (established 8192 bind 8192)
[    0.621499] UDP hash table entries: 512 (order: 2, 16384 bytes)
[    0.623487] UDP-Lite hash table entries: 512 (order: 2, 16384 bytes)
[    0.628028] NET: Registered protocol family 1
[    0.636309] pci 0000:00:00.0: Limiting direct PCI/PCI transfers
[    0.675962] pci 0000:00:01.0: Activating ISA DMA hang workarounds
[    0.762595] pci 0000:00:02.0: Video device with shadowed ROM at [mem 0x000c0000-0x000dffff]
[    0.886122] Unpacking initramfs...
[    1.265063] Freeing initrd memory: 18848K
[    1.298382] platform rtc_cmos: registered platform RTC device (no PNP device found)
[    1.407422] Scanning for low memory corruption every 60 seconds
[    1.498374] Initialise system trusted keyrings
[    1.548198] Key type blacklist registered
[    1.574607] workingset: timestamp_bits=36 max_order=18 bucket_order=0
[    1.685166] zbud: loaded
[    1.696635] squashfs: version 4.0 (2009/01/31) Phillip Lougher
[    1.706000] fuse init (API version 7.26)
[    1.712435] Key type asymmetric registered
[    1.721452] Asymmetric key parser 'x509' registered
[    1.726053] Block layer SCSI generic (bsg) driver version 0.4 loaded (major 246)
[    1.732994] io scheduler noop registered
[    1.743122] io scheduler deadline registered
[    1.746671] io scheduler cfq registered (default)
[    1.767703] ACPI: AC Adapter [AC] (on-line)
[    1.783069] input: Power Button as /devices/LNXSYSTM:00/LNXPWRBN:00/input/input0
[    1.923833] ACPI: Power Button [PWRF]
[    1.977943] input: Sleep Button as /devices/LNXSYSTM:00/LNXSLPBN:00/input/input1
[    2.087794] ACPI: Sleep Button [SLPF]
[    2.152442] ACPI: Battery Slot [BAT0] (battery present)
[    2.248059] Serial: 8250/16550 driver, 32 ports, IRQ sharing enabled
[    2.367286] tsc: Refined TSC clocksource calibration: 2593.402 MHz
[    2.473949] clocksource: tsc: mask: 0xffffffffffffffff max_cycles: 0x2561e331fae, max_idle_ns: 440795218679 ns
[    2.605038] 00:02: ttyS0 at I/O 0x3f8 (irq = 4, base_baud = 115200) is a 16550A
[    2.719280] Linux agpgart interface v0.103
[    2.790968] loop: module loaded
[    2.828775] scsi host0: ata_piix
[    2.830027] scsi host1: ata_piix
[    2.842117] ata1: PATA max UDMA/33 cmd 0x1f0 ctl 0x3f6 bmdma 0xd000 irq 14
[    2.858589] ata2: PATA max UDMA/33 cmd 0x170 ctl 0x376 bmdma 0xd008 irq 15
[    2.865183] libphy: Fixed MDIO Bus: probed
[    2.867750] tun: Universal TUN/TAP device driver, 1.6
[    2.878978] PPP generic driver version 2.4.2
[    2.890925] ehci_hcd: USB 2.0 'Enhanced' Host Controller (EHCI) Driver
[    2.895106] ehci-pci: EHCI PCI platform driver
[    2.906686] ehci-platform: EHCI generic platform driver
[    2.950324] ohci_hcd: USB 1.1 'Open' Host Controller (OHCI) Driver
[    3.064014] ohci-pci: OHCI PCI platform driver
[    3.115651] ohci-platform: OHCI generic platform driver
[    3.163932] uhci_hcd: USB Universal Host Controller Interface driver
[    3.227799] i8042: PNP: PS/2 Controller [PNP0303:PS2K,PNP0f03:PS2M] at 0x60,0x64 irq 1,12
[    3.316625] serio: i8042 KBD port at 0x60,0x64 irq 1
[    3.399238] serio: i8042 AUX port at 0x60,0x64 irq 12
[    3.539188] mousedev: PS/2 mouse device common for all mice
[    3.598623] input: AT Translated Set 2 keyboard as /devices/platform/i8042/serio0/input/input2
[    3.676046] rtc_cmos rtc_cmos: rtc core: registered rtc_cmos as rtc0
[    3.799674] rtc_cmos rtc_cmos: alarms up to one day, 114 bytes nvram
[    3.853933] i2c /dev entries driver
[    3.909069] device-mapper: uevent: version 1.0.3
[    3.937939] device-mapper: ioctl: 4.37.0-ioctl (2017-09-20) initialised: dm-devel@redhat.com
[    3.959911] ledtrig-cpu: registered to indicate activity on CPUs
[    3.968210] intel_pmc_core:  initialized
[    3.971135] NET: Registered protocol family 10
[    3.980759] Segment Routing with IPv6
[    3.984773] NET: Registered protocol family 17
[    3.999146] Key type dns_resolver registered
[    4.007993] RAS: Correctable Errors collector initialized.
[    4.014858] sched_clock: Marking stable (4014812942, 0)->(10070611108, -6055798166)
[    4.025290] registered taskstats version 1
[    4.026685] Loading compiled-in X.509 certificates
[    4.031776] Loaded X.509 cert 'Build time autogenerated kernel key: f4ad6a5babf67650e4ceb385fa5dda8e4a178208'
[    4.079884] zswap: loaded using pool lzo/zbud
[    4.102342] Key type big_key registered
[    4.191449] Key type trusted registered
[    4.267463] Key type encrypted registered
[    4.323526] AppArmor: AppArmor sha1 policy hashing enabled
[    4.366200] ima: No TPM chip found, activating TPM-bypass! (rc=-19)
[    4.400213] evm: HMAC attrs: 0x1
[    4.410568]   Magic number: 2:597:932
[    4.437859] rtc_cmos rtc_cmos: setting system clock to 2018-05-22 10:54:19 UTC (1526986459)
[    4.501371] BIOS EDD facility v0.16 2004-Jun-25, 0 devices found
[    4.549946] EDD information not available.
[    4.586453] Freeing unused kernel memory: 2404K
[    4.674926] Write protecting the kernel read-only data: 20480k
[    4.715111] Freeing unused kernel memory: 2008K
[    4.722603] Freeing unused kernel memory: 1904K
[    4.731239] x86/mm: Checked W+X mappings: passed, no W+X pages found.
[    4.736277] x86/mm: Checking user space page tables
[    4.756567] x86/mm: Checked W+X mappings: passed, no W+X pages found.
Loading, please wait...
starting version 237
[    4.927465] Fusion MPT base driver 3.04.20
[    4.929256] Copyright (c) 1999-2008 LSI Corporation
[    4.942252] e1000: Intel(R) PRO/1000 Network Driver - version 7.3.21-k8-NAPI
[    5.009994] e1000: Copyright (c) 1999-2006 Intel Corporation.
[    5.094628] Fusion MPT SPI Host driver 3.04.20
[    5.127347] AVX2 version of gcm_enc/dec engaged.
[    5.129098] AES CTR mode by8 optimization enabled
[    5.141686] input: ImExPS/2 Generic Explorer Mouse as /devices/platform/i8042/serio1/input/input4
[    5.168306] mptbase: ioc0: Initiating bringup
[    5.305746] ioc0: LSI53C1030 A0: Capabilities={Initiator}
[    5.618615] scsi host2: ioc0: LSI53C1030 A0, FwRev=00000000h, Ports=1, MaxQ=256, IRQ=20
[    5.841106] scsi 2:0:0:0: Direct-Access     VBOX     HARDDISK         1.0  PQ: 0 ANSI: 5
[    5.915569] scsi target2:0:0: Beginning Domain Validation
[    5.947001] scsi target2:0:0: Domain Validation skipping write tests
[    5.967588] scsi target2:0:0: Ending Domain Validation
[    6.013804] scsi target2:0:0: asynchronous
[    6.060169] scsi 2:0:1:0: Direct-Access     VBOX     HARDDISK         1.0  PQ: 0 ANSI: 5
[    6.123092] scsi target2:0:1: Beginning Domain Validation
[    6.254372] scsi target2:0:1: Domain Validation skipping write tests
[    6.261185] scsi target2:0:1: Ending Domain Validation
[    6.286802] scsi target2:0:1: asynchronous
[    6.371919] sd 2:0:0:0: Attached scsi generic sg0 type 0
[    6.395406] sd 2:0:0:0: [sda] 20971520 512-byte logical blocks: (10.7 GB/10.0 GiB)
[    6.441609] sd 2:0:0:0: [sda] Write Protect is off
[    6.459924] sd 2:0:1:0: Attached scsi generic sg1 type 0
[    6.475933] sd 2:0:1:0: [sdb] 20480 512-byte logical blocks: (10.5 MB/10.0 MiB)
[    6.494659] sd 2:0:1:0: [sdb] Write Protect is off
[    6.533855] sd 2:0:0:0: [sda] Incomplete mode parameter data
[    6.567735] sd 2:0:0:0: [sda] Assuming drive cache: write through
[    6.621726] sd 2:0:1:0: [sdb] Incomplete mode parameter data
[    6.626502] sd 2:0:1:0: [sdb] Assuming drive cache: write through
[    6.644207] sd 2:0:1:0: [sdb] Attached SCSI disk
[    6.648572]  sda: sda1
[    6.656750] sd 2:0:0:0: [sda] Attached SCSI disk
[    6.699884] e1000 0000:00:03.0 eth0: (PCI:33MHz:32-bit) 02:17:45:0e:48:6f
[    6.704538] e1000 0000:00:03.0 eth0: Intel(R) PRO/1000 Network Connection
[    7.186578] e1000 0000:00:08.0 eth1: (PCI:33MHz:32-bit) 08:00:27:f5:7e:a8
[    7.257404] e1000 0000:00:08.0 eth1: Intel(R) PRO/1000 Network Connection
[    7.298939] e1000 0000:00:08.0 enp0s8: renamed from eth1
[    7.337920] e1000 0000:00:03.0 enp0s3: renamed from eth0
Begin: Loading essential drivers ... [    8.852056] raid6: sse2x1   gen()  8034 MB/s
[    8.937748] raid6: sse2x1   xor()  6738 MB/s
[    9.028192] raid6: sse2x2   gen() 11503 MB/s
[    9.080338] raid6: sse2x2   xor()  6429 MB/s
[    9.136212] raid6: sse2x4   gen() 10503 MB/s
[    9.226161] raid6: sse2x4   xor()  7964 MB/s
[    9.292026] raid6: avx2x1   gen() 17494 MB/s
[    9.364238] raid6: avx2x1   xor()  9348 MB/s
[    9.420347] raid6: avx2x2   gen() 19982 MB/s
[    9.468099] raid6: avx2x2   xor() 12470 MB/s
[    9.540155] raid6: avx2x4   gen() 25187 MB/s
[    9.589344] raid6: avx2x4   xor() 16349 MB/s
[    9.599731] raid6: using algorithm avx2x4 gen() 25187 MB/s
[    9.659896] raid6: .... xor() 16349 MB/s, rmw enabled
[    9.680897] raid6: using avx2x2 recovery algorithm
[    9.687055] xor: automatically using best checksumming function   avx       
[    9.693998] async_tx: api initialized (async)
done.
Begin: Running /scripts/init-premount ... done.
Begin: Mounting root file system ... Begin: Running /scripts/local-top ... done.
Begin: Running /scripts/local-premount ... [    9.781424] Btrfs loaded, crc32c=crc32c-intel
Scanning for Btrfs filesystems
done.
Warning: fsck not present, so skipping root file system
[    9.838506] EXT4-fs (sda1): mounted filesystem with ordered data mode. Opts: (null)
done.
Begin: Running /scripts/local-bottom ... done.
Begin: Running /scripts/init-bottom ... done.
[   10.059237] ip_tables: (C) 2000-2006 Netfilter Core Team
[   10.156219] systemd[1]: systemd 237 running in system mode. (+PAM +AUDIT +SELINUX +IMA +APPARMOR +SMACK +SYSVINIT +UTMP +LIBCRYPTSETUP +GCRYPT +GNUTLS +ACL +XZ +LZ4 +SECCOMP +BLKID +ELFUTILS +KMOD -IDN2 +IDN -PCRE2 default-hierarchy=hybrid)
[   10.295111] systemd[1]: Detected virtualization oracle.
[   10.307909] systemd[1]: Detected architecture x86-64.

Welcome to [1mUbuntu 18.04 LTS[0m!

[   10.376957] systemd[1]: Set hostname to <ubuntu>.
[   10.383655] systemd[1]: Initializing machine ID from random generator.
[   10.386146] systemd[1]: Installed transient /etc/machine-id file.
[   10.658551] systemd[1]: Created slice System Slice.
[[0;32m  OK  [0m] Created slice System Slice.
[   10.700745] systemd[1]: Listening on Journal Audit Socket.
[[0;32m  OK  [0m] Listening on Journal Audit Socket.
[   10.816713] systemd[1]: Listening on Journal Socket (/dev/log).
[[0;32m  OK  [0m] Listening on Journal Socket (/dev/log).
[   10.835992] systemd[1]: Listening on Network Service Netlink Socket.
[[0;32m  OK  [0m] Listening on Network Service Netlink Socket.
[[0;32m  OK  [0m] Listening on Journal Socket.
         Mounting Huge Pages File System...
         Starting Remount Root and Kernel File Systems...
[[0;32m  OK  [0m] Created slice system-serial\x2dgetty.slice.
[[0;32m  OK  [0m] Listening on udev Kernel Socket.
[[0;32m  OK  [0m] Listening on Device-mapper event daemon FIFOs.
         Starting Uncomplicated firewall...
[[0;32m  OK  [0[   10.906394] EXT4-fs (sda1): re-mounted. Opts: (null)
m] Reached target User and Group Name Lookups.
[[0;32m  OK  [0m] Reached target Swap.
         Starting Set the console keyboard layout...
[[0;32m  OK  [0m] Listening on Syslog Socket.
         Starting Journal Service...
[[0;32m  OK  [0m] Listening on LVM2 metadata daemon socket.
[[0;32m  OK  [0m] Listening on /dev/initctl Compatibility Named Pipe.
         Mounting Kernel Debug File System...
[[0;32m  OK  [0m] Listening on udev Control Socket.
[[0;32m  OK  [0m] Reached target System Time Synchronized.
[[0;32m  OK  [0m] Started Forward Password Requests to Wall Directory Watch.
[[0;32m  OK  [0m] Set up automount Arbitrary Executab…rmats File System Automount Point.
         Starting Load Kernel Modules...
[[0;32m  OK  [0[   11.434624] Loading iSCSI transport class v2.0-870.
m] Listening on LVM2 poll daemon[   11.572000] iscsi: registered transport (tcp)
 socket.
[   11.605159] iscsi: registered transport (iser)
         Mounting POSIX Message Queue File System...
         Starting Monitor[   11.700616] random: crng init done
ing of LVM2 mirrors…ng dmeventd or progress polling...
         Starting Create list of required st…ce nodes for the current kernel...
         Starting udev Coldplug all Devices...
[[0;32m  OK  [0m] Created slice User and Session Slice.
[[0;32m  OK  [0m] Reached target Slices.
[[0;32m  OK  [0m] Started Journal Service.
[[0;32m  OK  [0m] Mounted Huge Pages File System.
[[0;32m  OK  [0m] Started Remount Root and Kernel File Systems.
[[0;32m  OK  [0m] Started Uncomplicated firewall.
[[0;32m  OK  [0m] Started Set the console keyboard layout.
[[0;32m  OK  [0m] Mounted Kernel Debug File System.
[[0;32m  OK  [0m] Started Load Kernel Modules.
[[0;32m  OK  [0m] Mounted POSIX Message Queue File System.
[[0;32m  OK  [0m] Started Create list of required sta…vice nodes for the current kernel.
[[0;32m  OK  [0m] Started LVM2 metadata daemon.
         Starting Create Static Device Nodes in /dev...
         Mounting FUSE Control File System...
         Mounting Kernel Configuration File System...
         Starting Apply Kernel Variables...
         Starting Load/Save Random Seed...
         Starting Initial cloud-init job (pre-networking)...
         Starting Flush Journal to Persistent Storage...
[[0;32m  OK  [0m] Started Monitoring of LVM2 mirrors,…sing dmeventd or progress polling.
[[0;32m  OK  [0m] Started udev Coldplug all Devices.
[[0;32m  OK  [0m] Started Create Static Device Nodes in /dev.
[[0;32m  OK  [0m] Mounted FUSE Control File System.
[[0;32m  OK  [0m] Mounted Kernel Configuration File System.
[[0;32m  OK  [0m] Started Apply Kernel Variables.
[[0;32m  OK  [0m] Started Load/Save Random Seed.
         Starting udev Kernel Device Manager...
[[0;32m  OK  [0m] Reached target Local File Systems (Pre).
[[0;32m  OK  [0m] Reached target Local File Systems.
         Starting Commit a transient machine-id on disk...
         Starting ebtables ruleset management...
         Starting Tell Plymouth To Write Out Runtime Data...
         Starting AppArmor initialization...
         Starting Set console font and keymap...
[[0;32m  OK  [0m] Started udev Kernel Device Manager.
[[0;32m  OK  [0m] Started Dispatch Password Requests to Console Directory Watch.
[[0;32m  OK  [0m] Reached target Local Encrypted Volumes.
[[0;32m  OK  [0m] Started Set console font and keymap.
[[0;32m  OK  [0m] Started Flush Journal to Persistent Storage.
[[0;32m  OK  [0m] Started Commit a transient machine-id on disk.
[[0;32m  OK  [0m] Started Tell Plymouth To Write Out Runtime Data.
         Starting Create Volatile Files and Directories...
[[0;32m  OK  [0m] Started Create Volatile Files and Directories.
         Starting Update UTMP about System Boot/Shutdown...
[[0;32m  OK  [0m] Started ebtables ruleset management.
[[0;32m  OK  [0m] Started Update UTMP about System Boot/Shutdown.
[[0;32m  OK  [0m] Found device /dev/ttyS0.
[[0;32m  OK  [0m] Listening on Load/Save RF Kill Switch Status /dev/rfkill Watch.
[   14.580907] cloud-init[413]: Cloud-init v. 18.2 running 'init-local' at Tue, 22 May 2018 10:54:28 +0000. Up 13.36 seconds.
[[0;32m  OK  [0m] Started Initial cloud-init job (pre-networking).
[[0;32m  OK  [0m] Reached target Network (Pre).
         Starting Network Service...
[[0;32m  OK  [0m] Started Network Service.
         Starting Network Name Resolution...
         Starting Wait for Network to be Configured...
[[0;32m  OK  [0m] Started Network Name Resolution.
[[0;32m  OK  [0m] Started AppArmor initialization.
[[0;32m  OK  [0m] Reached target Host and Network Name Lookups.
[[0;32m  OK  [0m] Reached target Network.
[[0;32m  OK  [0m] Started Wait for Network to be Configured.
         Starting Initial cloud-init job (metadata service crawler)...
[   17.861736] cloud-init[664]: Cloud-init v. 18.2 running 'init' at Tue, 22 May 2018 10:54:31 +0000. Up 16.83 seconds.
[[0;32m  OK  [0m[   17.952742] cloud-init[664]: ci-info: ++++++++++++++++++++++++++++++++++++++Net device info++++++++++++++++++++++++++++++++++++++
[   17.952796] cloud-init[664]: ci-info: +--------+------+----------------------------+---------------+--------+-------------------+
[   17.952836] cloud-init[664]: ci-info: | Device |  Up  |          Address           |      Mask     | Scope  |     Hw-Address    |
[   17.952873] cloud-init[664]: ci-info: +--------+------+----------------------------+---------------+--------+-------------------+
[   17.952915] cloud-init[664]: ci-info: | enp0s3 | True |         10.0.2.15          | 255.255.255.0 | global | 02:17:45:0e:48:6f |
[   17.952957] cloud-init[664]: ci-info: | enp0s3 | True | fe80::17:45ff:fe0e:486f/64 |       .       |  link  | 02:17:45:0e:48:6f |
[   17.952998] cloud-init[664]: ci-info: |   lo   | True |         127.0.0.1          |   255.0.0.0   |  host  |         .         |
[   17.953036] cloud-init[664]: ci-info: |   lo   | True |          ::1/128           |       .       |  host  |         .         |
[   17.953077] cloud-init[664]: ci-info: +--------+------+----------------------------+---------------+--------+-------------------+
[   17.953111] cloud-init[664]: ci-info: ++++++++++++++++++++++++++++Route IPv4 info+++++++++++++++++++++++++++++
[   17.953144] cloud-init[664]: ci-info: +-------+-------------+----------+-----------------+-----------+-------+
[   17.953180] cloud-init[664]: ci-info: | Route | Destination | Gateway  |     Genmask     | Interface | Flags |
[   17.953216] cloud-init[664]: ci-info: +-------+-------------+----------+-----------------+-----------+-------+
[   17.953255] cloud-init[664]: ci-info: |   0   |   0.0.0.0   | 10.0.2.2 |     0.0.0.0     |   enp0s3  |   UG  |
[   17.953291] cloud-init[664]: ci-info: |   1   |   10.0.2.0  | 0.0.0.0  |  255.255.255.0  |   enp0s3  |   U   |
[   17.953326] cloud-init[664]: ci-info: |   2   |   10.0.2.2  | 0.0.0.0  | 255.255.255.255 |   enp0s3  |   UH  |
[   17.953365] cloud-init[664]: ci-info: +-------+-------------+----------+-----------------+-----------+-------+
[   17.953399] cloud-init[664]: ci-info: +++++++++++++++++++Route IPv6 info+++++++++++++++++++
[   17.953432] cloud-init[664]: ci-info: +-------+-------------+---------+-----------+-------+
[   17.953468] cloud-init[664]: ci-info: | Route | Destination | Gateway | Interface | Flags |
[   17.953506] cloud-init[664]: ci-info: +-------+-------------+---------+-----------+-------+
[   17.953542] cloud-init[664]: ci-info: |   1   |  fe80::/64  |    ::   |   enp0s3  |   U   |
[   17.953578] cloud-init[664]: ci-info: |   3   |    local    |    ::   |   enp0s3  |   U   |
[   17.953642] cloud-init[664]: ci-info: |   4   |   ff00::/8  |    ::   |   enp0s3  |   U   |
[   17.953681] cloud-init[664]: ci-info: +-------+-------------+---------+-----------+-------+
[   17.953715] cloud-init[664]: Generating public/private rsa key pair.
[   17.953755] cloud-init[664]: Your identification has been saved in /etc/ssh/ssh_host_rsa_key.
[   17.953823] cloud-init[664]: Your public key has been saved in /etc/ssh/ssh_host_rsa_key.pub.
[   17.953865] cloud-init[664]: The key fingerprint is:
[   17.953903] cloud-init[664]: SHA256:4eTN61c1IAYy5NG5lE7Q4EgexgxpGdijpGs6PXg+LWE root@ubuntu-bionic
[   17.953939] cloud-init[664]: The key's randomart image is:
[   17.953979] cloud-init[664]: +---[RSA 2048]----+
[   17.954016] cloud-init[664]: |  ooB+.B=.+      |
[   17.954156] cloud-init[664]: | o *+o= +B o .   |
[   17.954214] cloud-init[664]: |o o .o o* o . .  |
[   17.954251] cloud-init[664]: |..     + *     ..|
[   17.954293] cloud-init[664]: | .      S o    ..|
[   17.954345] cloud-init[664]: |..E        .  .  |
[   17.954386] cloud-init[664]: |o+ o      .  .   |
[   17.954426] cloud-init[664]: |+ * .    .  .    |
[   17.954460] cloud-init[664]: | +.+      ..     |
[   17.954496] cloud-init[664]: +----[SHA256]-----+
[   17.954530] cloud-init[664]: Generating public/private dsa key pair.
[   17.954563] cloud-init[664]: Your identification has been saved in /etc/ssh/ssh_host_dsa_key.] Started Initial cloud-init job (metadata service crawler).
[[0;32m  OK  [0m] Reached target Network is Online.

         Starting iSCSI initiator daemon (iscsid)...
[[0;32m  OK  [0m] Reached target Cloud-config availability.
[[0;32m  OK  [0m] Reached target System Initialization.
[   18.842507]          Starting LXD - unix socket.
[[0;32m  OK  [0m] Listening on D-Bus System Message Bus Socket.
[[0;32m  OK  [0m] Started Discard unused blocks once a week.
[[0;32m  OK  [0m] Started Daily apt download activities.
[[0;32m  OK  [0m] Started Daily Cleanup of Temporary Directories.
[[0;32m  OK  [0m] Listening on ACPID Listen Socket.
[[0;32m  OK  [0m] Listening on UUID daemon activation socket.
[[0;32m  OK  [0m] Started Daily apt upgrade and clean activities.
[[0;32m  OK  [0m] Started Message of the Day.
[[0;32m  OK  [0m] Reached target Timers.
cloud-init[664]: Your public key has been saved in /etc/ssh/ssh_host_dsa_key.pub.
[[0;32m  OK  [0m[   19.172819] cloud-init[664]: The key fingerprint is:
[   19.173528] cloud-init[664]: SHA256:10582EO6fJp3CC+lLcQ7Yq6Bq6qeo9f9maxMO28Ks1Y root@ubuntu-bionic
[   19.173586] cloud-init[664]: The key's randomart image is:
[   19.173626] cloud-init[664]: +---[DSA 1024]----+
[   19.173666] cloud-init[664]: |                 |
[   19.173703] cloud-init[664]: |                 |
[   19.173737] cloud-init[664]: |              .  |
[   19.173776] cloud-init[664]: |           o =   |
[   19.173814] cloud-init[664]: |        S ..* +  |
[   19.173859] cloud-init[664]: |      E. . ++o.. |
[   19.173908] cloud-init[664]: |   .ooo .  .+B.. |
[   19.173987] cloud-init[664]: | .o o*o+.+o *+= .|
[   19.174038] cloud-init[664]: |==ooo.*BB+..o= . |
[   19.174079] cloud-init[664]: +----[SHA256]-----+
[   19.174115] cloud-init[664]: Generating public/private ecdsa key pair.
[   19.174194] cloud-init[664]: Your identification has been saved in /etc/ssh/ssh_host_ecdsa_key.
[   19.174258] cloud-init[664]: Your public key has been saved in /etc/ssh/ssh_host_ecdsa_key.pub.
[   19.174308] cloud-init[664]: The key fingerprint is:
[   19.174345] cloud-init[664]: SHA256:QKIRe+qZKFksRvo9prAoOojTwRUr29q/B+d4PF+29nc root@ubuntu-bionic
[   19.174382] cloud-init[664]: The key's randomart image is:
[   19.174416] cloud-init[664]: +---[ECDSA 256]---+
[   19.174457] cloud-init[664]: |  o.. .          |
[   19.174496] cloud-init[664]: |   +.o           |
[   19.174531] cloud-init[664]: | .o .o.          |
[   19.174571] cloud-init[664]: |o..oo  .         |
[   19.174611] cloud-init[664]: |oo+=    S        |
[   19.174651] cloud-init[664]: |.B++. . .        |
[   19.174688] cloud-init[664]: |B.=++  *    o    |
[   19.174724] cloud-init[664]: |Oooo... *  o..  E|
[   19.174761] cloud-init[664]: |*o.  .o+ o.......|
[   19.174802] cloud-init[664]: +----[SHA256]-----+
[   19.174838] cloud-init[664]: Generating public/private ed25519 key pair.
[   19.174876] cloud-init[664]: Your identification has been saved in /etc/ssh/ssh_host_ed25519_key.
[   19.174913] cloud-init[664]: Your public key has been saved in /etc/ssh/ssh_host_ed25519_key.pub.
[   19.174949] cloud-init[664]: The key fingerprint is:
[   19.174983] cloud-init[664]: SHA256:hzA+hTisHiAH0fyF6vY8jTCadi4UL2B/mWEdXgRUBfE root@ubuntu-bionic
[   19.175024] cloud-init[664]: The key's randomart image is:
[   19.175059] cloud-init[664]: +--[ED25519 256]--+
[   19.175099] cloud-init[664]: |o+   ..o+=+.     |
[   19.175137] cloud-init[664]: | .o....o ..      |
[   19.175513] cloud-init[664]: |o .o+.* +  E     |
[   19.175557] cloud-init[664]: |o=...= * .       |
[   19.175597] cloud-init[664]: |o.* . * S .      |
[   19.175634] cloud-init[664]: | +=+ + . .       |
[   19.175669] cloud-init[664]: |.+o=.o           |
[   19.175709] cloud-init[664]: |oo .= .          |
[   19.175745] cloud-init[664]: |. +. .           |
[   19.175785] cloud-init[664]: +----[SHA256]-----+
] Started ACPI Events Check.
[[0;32m  OK  [0m] Reached target Paths.
         Starting Socket activation for snappy daemon.
[[0;32m  OK  [0m] Listening on LXD - unix socket.
[[0;32m  OK  [0m] Listening on Socket activation for snappy daemon.
[[0;32m  OK  [0m] Started iSCSI initiator daemon (iscsid).
[[0;32m  OK  [0m] Reached target Remote File Systems (Pre).
[[0;32m  OK  [0m] Reached target Remote File Systems.
         Starting Availability of block devices...
[[0;32m  OK  [0m] Reached target Sockets.
[[0;32m  OK  [0m] Reached target Basic System.
         Starting LSB: Record successful boot for GRUB...
         Starting Accounts Service...
         Starting Virtualbox guest utils...
[[0;32m  OK  [0m] Started D-Bus System Message Bus.
[[0;32m  OK  [0m] Started Unattended Upgrades Shutdown.
         Starting LSB: automatic crash report generation...
[[0;32m  OK  [0m] Started irqbalance daemon.
         Starting Login Service...
[[0;32m  OK  [0m] Started Deferred execution scheduler.
         Starting System Logging Service...
         Starting Permit User Sessions...
[[0;32m  OK  [0m] Started FUSE filesystem for LXC.
[[0;32m  OK  [0m] Started Regular background program processing daemon.
         Starting Dispatcher daemon for systemd-networkd...
         Starting Apply the settings specified in cloud-config...
         Starting Pollinate to seed the pseudo random number generator...
         Starting Snappy daemon...
         Starting LXD - container startup/shutdown...
[[0;32m  OK  [0m] Started System Logging Service.
[[0;32m  OK  [0m] Started Availability of block devices.
[[0;32m  OK  [0m] Started Permit User Sessions.
[[0;32m  OK  [0m] Started LXD - container startup/shutdown.
[[0;32m  OK  [0m] Started Login Service.
         Starting Authorization Manager...
         Starting Hold until boot process finishes up...
         Starting Terminate Plymouth Boot Screen...
[[0;32m  OK  [0m] Started Hold until boot process finishes up.
[[0;32m  OK  [0m] Started Serial Getty on ttyS0.
         Starting Set console scheme...
[[0;32m  OK  [0m] Started Terminate Plymouth Boot Screen.
[[0;32m  OK  [0m] Started Set console scheme.
[[0;32m  OK  [0m] Started LSB: automatic crash report generation.
[[0;32m  OK  [0m] Created slice system-getty.slice.
[[0;32m  OK  [0m] Started Getty on tty1.
[[0;32m  OK  [0m] Reached target Login Prompts.
[[0;32m  OK  [0m] Started Authorization Manager.
[[0;32m  OK  [0m] Started Accounts Service.
[[0;32m  OK  [0m] Started LSB: Record successful boot for GRUB.
[[0;32m  OK  [0m] Started Snappy daemon.
[[0;32m  OK  [0m] Started Virtualbox guest utils.
[[0;32m  OK  [0m] Started Dispatcher daemon for systemd-networkd.
[[0;32m  OK  [0m] Started Pollinate to seed the pseudo random number generator.
         Starting OpenBSD Secure Shell server...
[[0;32m  OK  [0m] Started OpenBSD Secure Shell server.
[[0;32m  OK  [0m] Reached target Multi-User System.
[[0;32m  OK  [0m] Reached target Graphical Interface.
         Starting Update UTMP about System Runlevel Changes...
[[0;32m  OK  [0m] Started Update UTMP about System Runlevel Changes.
[[0;32m  OK  [0m] Created slice User Slice of vagrant.
         Starting User Manager for UID 1000...
[[0;32m  OK  [0m] Started Session 1 of user vagrant.
[[0;32m  OK  [0m] Started User Manager for UID 1000.
[   22.801186] cloud-init[867]: Cloud-init v. 18.2 running 'modules:config' at Tue, 22 May 2018 10:54:36 +0000. Up 21.87 seconds.
[[0;32m  OK  [0m] Started Apply the settings specified in cloud-config.
         Starting Execute cloud user/final scripts...
ci-info: no authorized ssh keys fingerprints found for user ubuntu.
<14>May 22 10:54:39 ec2: 
<14>May 22 10:54:39 ec2: #############################################################
<14>May 22 10:54:39 ec2: -----BEGIN SSH HOST KEY FINGERPRINTS-----
<14>May 22 10:54:39 ec2: 1024 SHA256:10582EO6fJp3CC+lLcQ7Yq6Bq6qeo9f9maxMO28Ks1Y root@ubuntu-bionic (DSA)
<14>May 22 10:54:39 ec2: 256 SHA256:QKIRe+qZKFksRvo9prAoOojTwRUr29q/B+d4PF+29nc root@ubuntu-bionic (ECDSA)
<14>May 22 10:54:39 ec2: 256 SHA256:hzA+hTisHiAH0fyF6vY8jTCadi4UL2B/mWEdXgRUBfE root@ubuntu-bionic (ED25519)
<14>May 22 10:54:39 ec2: 2048 SHA256:4eTN61c1IAYy5NG5lE7Q4EgexgxpGdijpGs6PXg+LWE root@ubuntu-bionic (RSA)
<14>May 22 10:54:39 ec2: -----END SSH HOST KEY FINGERPRINTS-----
<14>May 22 10:54:39 ec2: #############################################################
-----BEGIN SSH HOST KEY KEYS-----
ecdsa-sha2-nistp256 AAAAE2VjZHNhLXNoYTItbmlzdHAyNTYAAAAIbmlzdHAyNTYAAABBBGHclAhLiOoSz13Ho92y/fBbNQyQHYJEsRriJGjearEBODkkWTLaqHM6NFQuKzqo3uWgfsf+v9BIIm1R00BjyAE= root@ubuntu-bionic
ssh-ed25519 AAAAC3NzaC1lZDI1NTE5AAAAIBDJJ6d2nh1/iyHYCDsw+1sTbuqCoo6TVKW0LctyneOZ root@ubuntu-bionic
ssh-rsa AAAAB3NzaC1yc2EAAAADAQABAAABAQCzQ7YlWBWTTviNORwbzIlGAGOL4qpxVE9KUNCUB8H5RALrKihp+Zx5AQ9Oclzcd7Ts1OZ0PrZcU76eskk2jvT2rpU8qugNUXqsPdacXevMncUcCM+nRBvQauw8FGGC1+8VogCTAm9Lz+VQT/ADVpcDPCAbCt6povidLZgY4IeBLTf49P0ApFn7Zo8e0can3Z4AcrERTYwtVGOO5lMAyTX5DmKj+duXBFAV1EeBlcrBVZTz/QEQvczBRCiqlhVWU8lMp+zNxD+1ckvlQQk/b+RMoGgbmpAsA6knigX8MoV7jyRllNcF4Kz02ZQVPrnxxIlxJvEhjTIbMMkRIGBafl43 root@ubuntu-bionic
-----END SSH HOST KEY KEYS-----
[   24.482983] cloud-init[1089]: Cloud-init v. 18.2 running 'modules:final' at Tue, 22 May 2018 10:54:38 +0000. Up 23.84 seconds.
[   24.495234] cloud-init[1089]: ci-info: no authorized ssh keys fingerprints found for user ubuntu.
[   24.509314] cloud-init[1089]: Cloud-init v. 18.2 finished at Tue, 22 May 2018 10:54:39 +0000. Datasource DataSourceNoCloud [seed=/dev/sdb][dsmode=net].  Up 24.45 seconds
[[0;32m  OK  [0m] Started Execute cloud user/final scripts.
[[0;32m  OK  [0m] Reached target Cloud-init target.

Ubuntu 18.04 LTS ubuntu-bionic ttyS0

ubuntu-bionic login: 