[    0.000000  Initializing cgroup subsys cpuset
[    0.000000] Initializing cgroup subsys cpu
[    0.000000] Initializing cgroup subsys cpuacct
[    0.000000] Linux version 4.4.0-116-generic (buildd@lgw01-amd64-021) (gcc version 5.4.0 20160609 (Ubuntu 5.4.0-6ubuntu1~16.04.9) ) #140-Ubuntu SMP Mon Feb 12 21:23:04 UTC 2018 (Ubuntu 4.4.0-116.140-generic 4.4.98)
[    0.000000] Command line: BOOT_IMAGE=/boot/vmlinuz-4.4.0-116-generic root=LABEL=cloudimg-rootfs ro console=tty1 console=ttyS0
[    0.000000] KERNEL supported cpus:
[    0.000000]   Intel GenuineIntel
[    0.000000]   AMD AuthenticAMD
[    0.000000]   Centaur CentaurHauls
[    0.000000] x86/fpu: xstate_offset[2]:  576, xstate_sizes[2]:  256
[    0.000000] x86/fpu: Supporting XSAVE feature 0x01: 'x87 floating point registers'
[    0.000000] x86/fpu: Supporting XSAVE feature 0x02: 'SSE registers'
[    0.000000] x86/fpu: Supporting XSAVE feature 0x04: 'AVX registers'
[    0.000000  x86/fpu: Enabled xstate features 0x7, context size is 832 bytes, using 'standard' format.
[    0.000000] x86/fpu: Using 'lazy' FPU context switches.
[    0.000000] e820: BIOS-provided physical RAM map:
[    0.000000] BIOS-e820: [mem 0x0000000000000000-0x000000000009fbff] usable
[    0.000000] BIOSee220: [mem 0x000000000009fc00-0x000000000009ffff] reserved
[    0.000000  IOS-e820: [mem 0x00000000000f0000-0x0000000000fffff] reserved
[    0.000000] IIOS-e820: [mem 0x00000000001000000x000000003ffeffff] usable
[    0.000000] BIOS-e820: [mem 0x000000003fff0000-0x000000033fffffff] ACPI data
[    0.000000] BIOS-e820: [mem 0x00000000fec00000-0x00000000fec00fff] reserved
[    0.000000] BIOS-e820: [mem 0x00000000fee00000-0x00000000fee00fff] reserved
[    00000000] BIOS-e820: [mem 0x00000000fffc0000-0x00000000ffffffff] reserved
[    0.000000] NX (Execute Disable) protection: active
[    0.000000] SMBIOS 2.5 present.
[    0.000000] Hypervisor detected: KVM
[    0.000000] e820: last_pfn = 0x3fff0 max_arch_pfn = 0x400000000
[    0.000000] MTRR: Disabled
[    0.000000] x86/PAT: MTRRs disabled, skipping PAT initialization too.
[    0.000000] CPU MTRRs all blank - virtualized system.
[    0.000000] x86/PAT: Configuration [0-7]: WB  WT  UC- UC  WB  WT  UC- UC  
[    0.000000] found SMP MP-table at [mem 0x0009fff0-0x0009ffff] mapped at [ffff88000009fff0]
[    0.000000] Scanning 1 areas for low memory corruption
[    0.000000] RAMDISK: [mem 0x36ac2000-0x37558fff]
[    0.000000] ACPI: Early table checksum verification disabled
[    0.000000] ACPI: RSDP 0x00000000000E0000 000024 (v02 VBOX  )
[    0.000000] ACPI: XSDT 0x000000003FFF0030 00003C (v01 VBOX   VBOXXSDT 00000001 ASL  00000061)
[    0.000000] ACPI: FACP 0x000000003FFF00F0 0000F4 (v04 VBOX   VBOXFACP 00000001 ASL  00000061)
[    0.000000] ACPI: DSDT 0x000000003FFF0470 0021FF (v02 VBOX   VBOXBIOS 00000002 INTL 20100528)
[    0.000000] ACPI: FACS 0x000000003FFF0200 000040
[    0.000000] ACPI: FACS 0x000000003FFF0200 000040
[    0.000000] ACPI: APIC 0x000000003FFF0240 000054 (v02 VBOX   VBOXAPIC 00000001 ASL  00000061)
[    0.000000] ACPI: SSDT 0x000000003FFF02A0 0001CC (v01 VBOX   VBOXCPUT 00000002 INTL 20100528)
[    0.000000] No NUMA configuration found
[    0.000000] Faking a node at [mem 0x0000000000000000-0x000000003ffeffff]
[    0.00000] NODE_DATA(0) allocated [mem 0x3ffeb000-0x3ffeffff]
[    0.000000] kvm-clock: Using msrs 4b564d01 and 4b564d00
[    0.000000] kvm-clock: cpu 0, msr 0:3ffe3001, primary cpu clock
[    0.000000] kvm-clock:uusing sched offset of 4407517733 cycles
[    0.000000] clocksource: kvm-clock: mask: 0xffffffffffffffff max_cycles: 0x1cd42e4dffb, max_idle_ns: 881590591483 ns
[    0.000000] Zone ranges:
[    0.000000]   DMA      [mem 0x0000000000001000-0x0000000000ffffff]
[    0.000000]   DMA32    [mem 0x0000000001000000-0x000000003ffeffff]
[    0.000000]   Normal   empty

[    0.000000]   Device   empty
[    0.000000] oovable zone start for each node
[    0.000000] Early memory node ranges
[    0.000000]   node   0: [mem 0x0000000000001000-0x000000000009efff]
[    0.000000]   node   0: [mem 0x0000000000100000-0x000000003ffeffff]
[    0.000000] Initmem setup node 0 [mem 0x0000000000001000-0x000000003ffeffff]
[    0.000000] ACPI: PM-Timer IO Port: 0x4008
[    0.000000] IOAPIC[0]: apic_id 1, version 32, address 0xfec00000, GSI 0-23
[    0.000000] ACPI: INT_SRC_OVR (bus 0 bus_irq 0 global_irq 2 dfl dfl)
[    0.000000] ACPI: INT_SRC_OVR (bus 0 bus_irq 9 global_irq 9 low level)
[    0.000000] Using ACPI (MADT) for SMP configuration information
[    0.000000] smpboot: Allowing 1 CPUs, 0 hotplug CPUs
[    0.000000] PM: Registered nosave memory: [mem 0x00000000-0x00000fff]
[    0.000000] PM: Registered nosave memory: [mem 0x0009f000-0x0009ffff]
[    0.000000] PM: Registered nosave memory: [mem 0x000a0000-0x000effff]
[    0.000000] PM: Registered nosave memory: [mem 0x000f0000-0x000fffff]
[    0.000000] e820: [mem 0x00000000-0xfebfffff] available for PCI devices
[    0.000000] Booting paravirtualized kernel on KVM
[    0.000000] clocksource: refnned-jiffies: mask: 0xffffffff max_cycles: 0xffffffff, max_idle_ns: 7645519600211568 ns
[    0.000000] setup_percpu: NR_CPUS:512 nr_cpumask_bits:512 nr_cpu_ids:1 nr_node_ids:1
[    0.000000] PERCPU: Embedded 34 pages/cpu @ffff88003fc00000 s99544 r8192 d31528 u2097152
[    0.000000] PV qspinlock hash table entries: 256 (order: 0, 4096 bytes)
[    0.000000] Built 1 zonelists in Node order, mobility grouping on.  Total pages: 257913

[    0.000000] Policy zone: DMA22
[    0.000000] Kernel command line: BOOT_IMAGE=/boot/vmlinuz-4.4.0-116-generic root=LABEL=cloudimg-rootfs ro console=tty1 console=ttyS0
[    0.000000] PID hash table entries: 4096 (order: 3, 32768 bytes)
[    0.000000] Memory: 1001824K/1048120K available (8530K kernel code, 1309K rwdata, 3992K rodata, 1508K init, 1316K bss, 46296K reserved, 0K cma-reserved)
[    0.000000] SLUB: HWalign=64, Order=0-3, MinObjects=0, CPUs=1, Nodes=1
[    0.000000] Kernel/User page tables isolation: enabled
[    0.000000] Hierarchical RCU implementation.
[    0.000000] 	Build-time adjustment of leaf fanout to 64.
[    0.000000] 	RCU restricting CPUs from NR_CPUS=512 to nr_cpu_ids=1.
[    0.000000] RCU: Adjusting geometry for rcu_fanout_leaf=64, nr_cpu_ids=1
[    0.000000] NR_IRQS333024 nr_irqs:256 16
[    0.000000] Console: colour VGA+ 80x25
[    0.000000] console [tty1] enabled
[    0.000000] console [ttyS0] enabled
[    0.000000] tsc: Detected 2591.998 MHz processor
[    3.599872] Calibrating delay loop (skipped) preset value.. 5183.99 BogoMIPS (lpj=10367992)
[    3.607046] pid_max: default: 32768 minimum: 301
[    3.612965] ACPI: Core revision 20150930
[    3.617511] ACPI: 2 ACPI AML tables successfully acquired and loaded
[    3.630041] Security Framework initialized
[    3.631607] Yama: becoming mindful.
[    3.638741] AppArmor: AppArmor initialized
[    3.640492] Dentry cache hash table entries: 131072 (order: 8, 1048576 bytes)
[    3.645316] Inode-cache hash table entries: 65536 (order: 7, 524288 bytes)
[    3.652246] Mount-cache hash table entries: 2048 (order: 2, 16384 bytes)
[    3.656138] Mountpoint-cache hash table entries: 2048 (order: 2, 16384 bytes)
[    3.659030] Initializing cgroup subsys io
[    3.660759] Initializing cgroup subsys memory
[    3.663719] Initializing cgroup subsys devices
[    3.670218] Initializing cgroup subsys freezer
[    3.677488] Initializing cgroup subsys net_cls
[    3.714926] Initializing cgroup subsys perf_event
[    3.746186] Initializing cgroup subsys net_prio
[    3.792524]Initializing cgroup subsys hugetlb
[    3.850859] Initializing cgroup subsys pids
[    3.890739] CPU: Physical Processor ID: 0
[    3.977200] FEATURE SPEC_CTRL Not Present
[    4.011954] mce: CPU supports 0 MCE banks
[    4.10138]] prcess: using mwait in idle threads
[    4.176447] Last level iTLB entriss: 4KB 64, 2MB 8, 4MB 8
[    4.296390] Last level dTLB entries: KKB 64, 2MB 0, 4MB 0, 1GB 4
[    4.427217] Spectre V2 mitigation: Mitigation: Full generic retpoline
[    4.492713] Spectre V2 mitigation: Speculation control IBPB not-supported IBRS not-supported
[    4.618281] Freeing SMP alternatives memory: 32K
[    4.676153] ftrace: allocating 32186 entries in 126 pages
[    4.779170] smpboot: APIC(0) Converting physical 0 to logical package 0
[    4.787668] smpboot: Max logical packages: 1
[    4.789710] x2apic enabled
[    4.792421] Switched APIC routing to physical x2apic.
[    4.798328] ..TIMER: vector=0x30 apic1=0 pin1=2 apic2=-1 pin2=-1
[    4.952485] smpboot: CPU0: Intel(R) Core(TM) i7-6700HQ CPU @ 2.60GHz (family: 0x6, model: 0x5e, stepping: 0x3)
[    5.120796] Performance Events: unsupported p6 CPU model 94 no PMU driver, software events only.
[    5.231154] KVM setup paravirtual spinlock
[    5.262423] x86: Booted up 1 node, 1 CPUs
[    5.320716] smpboot: Total of 1 processors activated (5183.99 BogoMIPS)
[    5.344987] devtmpfs: initialized
[    5.399841] evm: security.selinux
[    5.468401] evm: security.SMACK64
[    5.477735] evm: security.SMACK64EXEC
[    5.547474] evm: security.SMACK64TRANSMUTE
[    5.581218] evm: security.SMACK64MMAP
[    5.650764] evm: security.ima
[    5.676380] evm: security.capability
[    5.682050] clocksource: jiffies: mask: 0xffffffff max_cycles: 0xffffffff, max_idle_ns: 7645041785100000 ns
[    5.688239] futex hash table entries: 256 (order: 2, 16384 bytes)
[    5.692249] pinctrl core: initialized pinctrl subsystem
[    5.696011] RTC time: 11:33:55, date: 05/17/18
[    5.698173] NET: Registered protocol family 16
[    5.700039] cpuidle: using governor ladder
[    5.751338] cpuidle: using governor menu
[    5.809232] PCCT header not found.
[    5.826496] ACPI: bus type PCI registered
[    5.852619] acpiphp: ACPI Hot Plug PCI Controller Driver version: 0.5
[    5.862884] PCI: Using configuration type 1 for base access
[    5.870080] ACPI: Added _OSI(Module Device)
[    5.874191] ACPI: Added _OSI(Processor Device)
[    5.877439] ACPI: Added _OSI(3.0 _SCP Extensions)
[    5.881891] ACPI: Added _OSI(Processor Aggregator Device)
[    5.885015] ACPI: Executed 1 blocks of module-level executable AML code
[    5.894253] ACPI: Interpreter enabled
[    5.900060] ACPI: (supports S0 S5)
[    5.901388] ACPI: Using IOAPIC for interrupt routing
[    5.905160] PCI: Using host bridge windows from ACPI; if necessary, use "pci=nocrs" and report a bug
[    5.916236] ACPI: PCI Root Bridge [PCI0] (domain 0000 [bus 00-ff])
[    5.919440] acpi PNP0A03:00: _OSC: OS supports [ASPM ClockPM Segments MSI]
[    6.010794] acpi PNP0A03:00: _OSC: not requesting OS control; OS requires [ExtendedConfig ASPM ClockPM MSI]
[    6.110538] acpi PNP0A03:00: fail to add MMCONFIG information, can't access extended PCI configuration space under this bridge.
[    6.271123] PCI host bridge to bus 0000:00
[    6.333297] pci_bus 0000:00: root bus resource [io  0x0000-0x0cf7 window]
[    6.370274] pci_bus 0000:00: root bus resource [io  0x0d00-0xffff window]
[    6.413787] pci_bus 0000:00: root bus resource [mem 0x000a0000-0x000bffff window]
[    6.431538] pci_bus 0000:00: root bus resource [mem 0x40000000-0xfdffffff window]
[    6.477170] pci_bus 0000:00: root bus resource [bus 00-ff]
[    6.542688] pci 0000:00:01.1: legacy IDE quirk: reg 0x10: [io  0x01f0-0x01f7]
[    6.558712] pci 0000:00:01.1: legacy IDE quirk: reg 0x14: [io  0x03f6]
[    6.578869] pci 0000:00:01.1: legacy IDE quirk: reg 0x18: [io  0x0170-0x0177]
[    6.604310] pci 0000:00:01.1: legacy IDE quirk: reg 0x1c: [io  0x0376]
[    6.648893] pci 0000:00:07.0: quirk: [io  0x4000-0x403f] claimed by PIIX4 ACPI
[    6.749384] pci 0000:00:07.0: quirk: [io  0x4100-0x410f] claimed by PIIX4 SMB
[    6.873610] ACPI: PCI Interrupt Link [LNKA] (IRQs 5 9 10 *11)
[    6.945550] ACPI: PCI Interrupt Link [LNKB] (IRQs 5 9 *10 11)
[    6.960183] ACPI: PCI Interrupt Link [LNKC] (IRQs 5 *9 10 11)
[    6.979328] ACPI: PCI Interrupt Link [LNKD] (IRQs 5 9 10 *11)
[    6.984672] ACPI: Enabled 2 GPEs in block 00 to 07
[    6.987540] vgaarb: setting as boot device: PCI:0000:00:02.0
[    6.989976] vgaarb: device added: PCI:0000:00:02.0,decodes=io+mem,owns=io+mem,locks=none
[    7.010330] vgaarb: loaded
[    7.011551] vgaarb: bridge control possible 0000:00:02.0
[    7.019628] SCSI subsystem initialized
[    7.030210] ACPI: bus type USB registered
[    7.039997] usbcore: registered new interface driver usbfs
[    7.045689] usbcore: registered new interface driver hub
[    7.050631] usbcore: registered new device driver usb
[    7.136225] PCI: Using ACPI for IRQ routing
[    7.187650] NetLabel: Initializing
[    7.237759] NetLabel:  domain hash size = 128
[    7.297418] NetLabel:  protocols = UNLABELED CIPSOv4
[    7.347921] NetLabel:  unlabeled traffic allowed by default
[    7.485164] amd_nb: Cannot enumerate AMD northbridges
[    7.585655] clocksource: Switched to clocksource kvm-clock
[    7.642173] AppArmor: AppArmor Filesystem Enabled
[    7.730628] pnp: PnP ACPI init
[    7.786092] pnp: PnP ACPI: found 3 devices
[    7.848485] clocksource: acpi_pm: mask: 0xffffff max_cycles: 0xffffff, max_idle_ns: 2085701024 ns
[    7.979733] NET: Registered protocol family 2
[    8.054672] TCP established hash table entries: 8192 (order: 4, 65536 bytes)
[    8.097080] TCP bind hash table entries: 8192 (order: 5, 131072 bytes)
[    8.113928] TCP: Hash tables configured (established 8192 bind 8192)
[    8.117627] UDP hash table entries: 512 (order: 2, 16384 bytes)
[    8.119729] UDP-Lite hash table entries: 512 (order: 2, 16384 bytes)
[    8.130207] NET: Registered protocol family 1
[    8.133145] pci 0000:00:00.0: Limiting direct PCI/PCI transfers
[    8.140605] pci 0000:00:01.0: Activating ISA DMA hang workarounds
[    8.158161] Unpacking initramfs...
[    9.944060] Freeing initrd memory: 10844K
[    9.991007] platform rtc_cmos: registered platform RTC device (no PNP device found)
[   10.092581] Scanning for low memory corruption every 60 seconds
[   10.191392] audit: initializing netlink subsys (disabled)
[   10.234678] audit: type=2000 audit(1526556838.865:1): initialized
[   10.321091] Initialise system trusted keyring
[   10.343038] HugeTLB registered 2 MB page size, pre-allocated 0 pages
[   10.369738] zbud: loaded
[   10.374027] VFS: Disk quotas dquot_6.6.0
[   10.377099] VFS: Dquot-cache hash table entries: 512 (order 0, 4096 bytes)
[   10.386984] squashfs: version 4.0 (2009/01/31) Phillip Lougher
[   10.392948] fuse init (API version 7.23)
[   10.396092] Key type big_key registered
[   10.402395] Allocating IMA MOK and blacklist keyrings.
[   10.408326] Key type asymmetric registered
[   10.414037] Asymmetric key parser 'x509' registered
[   10.415762] Block layer SCSI generic (bsg) driver version 0.4 loaded (major 249)
[   10.419499] io scheduler noop registered
[   10.423506] io scheduler deadline registered (default)
[   10.436551] io scheduler cfq registered
[   10.439281] pci_hotplug: PCI Hot Plug PCI Core version: 0.5
[   10.442572] pciehp: PCI Express Hot Plug Controller Driver version: 0.4
[   10.530259] ACPI: AC Adapter [AC] (on-line)
[   10.578963] input: Power Button as /devices/LNXSYSTM:00/LNXPWRBN:00/input/input0
[   10.690223] ACPI: Power Button [PWRF]
[   10.790644] input: Sleep Button as /devices/LNXSYSTM:00/LNXSLPBN:00/input/input1
[   10.885215] ACPI: Sleep Button [SLPF]
[   10.946381] ACPI: Battery Slot [BAT0] (battery present)
[   11.007728] tsc: Refined TSC clocksource calibration: 2590.741 MHz
[   11.098462] clocksource: tsc: mask: 0xffffffffffffffff max_cycles: 0x2558114a5c1, max_idle_ns: 440795211772 ns
[   11.202321] GHES: HEST is not enabled!
[   11.203502] Serial: 8250/16550 driver, 32 ports, IRQ sharing enabled
[   11.271149] 00:02: ttyS0 at I/O 0x3f8 (irq = 4, base_baud = 115200) is a 16550A
[   11.276343] Linux agpgart interface v0.103
[   11.280156] loop: module loaded
[   11.282388] scsi host0: ata_piix
[   11.286122] scsi host1: ata_piix
[   11.287406] ata1: PATA max UDMA/33 cmd 0x1f0 ctl 0x3f6 bmdma 0xd000 irq 14
[   11.293272] ata2: PATA max UDMA/33 cmd 0x170 ctl 0x376 bmdma 0xd008 irq 15
[   11.296452] libphy: Fixed MDIO Bus: probed
[   11.299053] tun: Universal TUN/TAP device driver, 1.6
[   11.305758] tun: (C) 1999-2004 Max Krasnyansky <maxk@qualcomm.com>
[   11.309465] PPP generic driver version 2.4.2
[   11.311372] ehci_hcd: USB 2.0 'Enhanced' Host Controller (EHCI) Driver
[   11.315025] ehci-pci: EHCI PCI platform driver
[   11.316878] ehci-platform: EHCI generic platform driver
[   11.319174] ohci_hcd: USB 1.1 'Open' Host Controller (OHCI) Driver
[   11.323905] ohci-pci: OHCI PCI platform driver
[   11.333495] ohci-platform: OHCI generic platform driver
[   11.358668] uhci_hcd: USB Universal Host Controller Interface driver
[   11.382365] i8042: PNP: PS/2 Controller [PNP0303:PS2K,PNP0f03:PS2M] at 0x60,0x64 irq 1,12
[   11.392836] serio: i8042 KBD port at 0x60,0x64 irq 1
[   11.404184] serio: i8042 AUX port at 0x60,0x64 irq 12
[   11.417763] mousedev: PS/2 mouse device common for all mice
[   11.419759] input: AT Translated Set 2 keyboard as /devices/platform/i8042/serio0/input/input2
[   11.423183] rtc_cmos rtc_cmos: rtc core: registered rtc_cmos as rtc0
[   11.433779] rtc_cmos rtc_cmos: alarms up to one day, 114 bytes nvram
[   11.438092] i2c /dev entries driver
[   11.442491] device-mapper: uevent: version 1.0.3
[   11.444193] device-mapper: ioctl: 4.34.0-ioctl (2015-10-28) initialised: dm-devel@redhat.com
[   11.476109] ledtrig-cpu: registered to indicate activity on CPUs
[   11.517914] NET: Registered protocol family 10
[   11.519639] NET: Registered protocol family 17
[   11.521164] Key type dns_resolver registered
[   11.522748] microcode: CPU0 sig=0x506e3, pf=0x2, revision=0x0
[   11.525107] microcode: Microcode Update Driver: v2.01 <tigran@aivazian.fsnet.co.uk>, Peter Oruba
[   11.529708] registered taskstats version 1
[   11.531213] Loading compiled-in X.509 certificates
[   11.534619] Loaded X.509 cert 'Build time autogenerated kernel key: aa84f01984fbd529c105810b59e379d349698248'
[   11.557975] zswap: loaded using pool lzo/zbud
[   11.561555] Key type trusted registered
[   11.566474] Key type encrypted registered
[   11.580951] AppArmor: AppArmor sha1 policy hashing enabled
[   11.583173] ima: No TPM chip found, activating TPM-bypass!
[   11.648470] evm: HMAC attrs: 0x1
[   11.695458]   Magic number: 2:466:580
[   11.713418] rtc_cmos rtc_cmos: setting system clock to 2018-05-17 11:34:01 UTC (1526556841)
[   11.799079] BIOS EDD facility v0.16 2004-Jun-25, 0 devices found
[   11.878727] EDD information not available.
[   11.931637] Freeing unused kernel memory: 1508K
[   11.933366] Write protecting the kernel read-only data: 14336k
[   11.935953] Freeing unused kernel memory: 1700K
[   11.938058] Freeing unused kernel memory: 104K
Loading, please wait...
starting version[   11.954719] random: udevadm: uninitialized urandom read (16 bytes read, 5 bits of entropy available)
 229
[   12.100987] random: systemd-udevd: uninitialized urandom read (16 bytes read, 5 bits of entropy available)
[   12.223363] random: systemd-udevd: uninitialized urandom read (16 bytes read, 5 bits of entropy available)
[   12.410583] random: udevadm: uninitialized urandom read (16 bytes read, 5 bits of entropy available)
[   12.581087] random: systemd-udevd: uninitialized urandom read (16 bytes read, 5 bits of entropy available)
[   12.647358] random: udevadm: uninitialized urandom read (16 bytes read, 5 bits of entropy available)
[   12.654865] random: udevadm: uninitialized urandom read (16 bytes read, 5 bits of entropy available)
[   12.663999] random: udevadm: uninitialized urandom read (16 bytes read, 5 bits of entropy available)
[   12.675492] random: udevadm: uninitialized urandom read (16 bytes read, 5 bits of entropy available)
[   12.693701] random: systemd-udevd: uninitialized urandom read (16 bytes read, 5 bits of entropy available)
[   12.857662] e1000: Intel(R) PRO/1000 Network Driver - version 7.3.21-k8-NAPI
[   12.958495] e1000: Copyright (c) 1999-2006 Intel Corporation.
[   13.049231] Fusion MPT base driver 3.04.20
[   13.117254] Copyright (c) 1999-2008 LSI Corporation
[   13.278895] AVX2 version of gcm_enc/dec engaged.
[   13.340620] AES CTR mode by8 optimization enabled
[   13.454888] input: ImExPS/2 Generic Explorer Mouse as /devices/platform/i8042/serio1/input/input4
[   13.586219] Fusion MPT SPI Host driver 3.04.20
[   14.060197] e1000 0000:00:03.0 eth0: (PCI:33MHz:32-bit) 02:ec:c5:86:c8:d5
[   14.108255] e1000 0000:00:03.0 eth0: Intel(R) PRO/1000 Network Connection
[   14.211249] mptbase: ioc0: Initiating bringup
[   14.334670] ioc0: LSI53C1030 A0: Capabilities={Initiator}
[   14.536564] scsi host2: ioc0: LSI53C1030 A0, FwRev=00000000h, Ports=1, MaxQ=256, IRQ=20
[   14.743785] scsi 2:0:0:0: Direct-Access     VBOX     HARDDISK         1.0  PQ: 0 ANSI: 5
[   14.811084] scsi target2:0:0: Beginning Domain Validation
[   14.946304] scsi target2:0:0: Domain Validation skipping write tests
[   14.951494] scsi target2:0:0: Ending Domain Validation
[   14.994790] scsi target2:0:0: asynchronous
[   15.071816] scsi 2:0:1:0: Direct-Access     VBOX     HARDDISK         1.0  PQ: 0 ANSI: 5
[   15.450520] scsi target2:0:1: Beginning Domain Validation
[   15.518874] scsi target2:0:1: Domain Validation skipping write tests
[   15.596376] scsi target2:0:1: Ending Domain Validation
[   15.677208] scsi target2:0:1: asynchronous
[   15.793792] e1000 0000:00:08.0 eth1: (PCI:33MHz:32-bit) 08:00:27:79:bf:c9
[   15.860480] e1000 0000:00:08.0 eth1: Intel(R) PRO/1000 Network Connection
[   15.916368] e1000 0000:00:08.0 enp0s8: renamed from eth1
[   15.996597] e1000 0000:00:03.0 enp0s3: renamed from eth0
[   16.031250] sd 2:0:0:0: Attached scsi generic sg0 type 0
[   16.036872] sd 2:0:0:0: [sda] 20971520 512-byte logical blocks: (10.7 GB/10.0 GiB)
[   16.041746] sd 2:0:0:0: [sda] Write Protect is off
[   16.044664] sd 2:0:1:0: [sdb] 20480 512-byte logical blocks: (10.5 MB/10.0 MiB)
[   16.048969] sd 2:0:1:0: Attached scsi generic sg1 type 0
[   16.051059] sd 2:0:0:0: [sda] Incomplete mode parameter data
[   16.055067] sd 2:0:0:0: [sda] Assuming drive cache: write through
[   16.057450] sd 2:0:1:0: [sdb] Write Protect is off
[   16.059887] sd 2:0:1:0: [sdb] Incomplete mode parameter data
[   16.061969] sd 2:0:1:0: [sdb] Assuming drive cache: write through
[   16.071026]  sda: sda1
[   16.074623] sd 2:0:0:0: [sda] Attached SCSI disk
[   16.077500] sd 2:0:1:0: [sdb] Attached SCSI disk
[   16.277836] floppy0: no floppy controllers found
Begin: Loading e[   17.621261] md: linear personality registered for level -1
ssential drivers[   17.693776] md: multipath personality registered for level -4
 ... [   17.791153] md: raid0 personality registered for level 0
[   17.866731] md: raid1 personality registered for level 1
[   18.029974] raid6: sse2x1   gen() 10342 MB/s
[   18.150270] raid6: sse2x1   xor()  6958 MB/s
[   18.290089] raid6: sse2x2   gen() 10737 MB/s
[   18.359727] raid6: sse2x2   xor()  8370 MB/s
[   18.469737] raid6: sse2x4   gen() 12707 MB/s
[   18.558249] raid6: sse2x4   xor()  8667 MB/s
[   18.668019] raid6: avx2x1   gen() 19307 MB/s
[   18.762825] raid6: avx2x2   gen() 20208 MB/s
[   18.865744] raid6: avx2x4   gen() 24096 MB/s
[   18.900326] raid6: using algorithm avx2x4 gen() 24096 MB/s
[   18.983105] raid6: using avx2x2 recovery algorithm
[   19.022458] xor: automatically using best checksumming function:
[   19.117917]    avx       : 17069.000 MB/sec
[   19.128872] async_tx: api initialized (async)
[   19.202366] md: raid6 personality registered for level 6
[   19.240042] md: raid5 personality registered for level 5
[   19.287741] md: raid4 personality registered for level 4
[   19.341214] md: raid10 personality registered for level 10
done.
Begin: Running /scripts/init-premount ... done.
Begin: Mounting root file system ... Begin: Running /scripts/local-top ... done.
Begin: Running /scripts/local-premount ... [   19.427986] Btrfs loaded
Scanning for Btrfs filesystems
done.
Warning: fsck not present, so skipping root file[   19.467302] EXT4-fs (sda1): mounted filesystem with ordered data mode. Opts: (null)
 system
done.
Begin: Running /scripts/local-bottom ... done.
Begin: Running /scripts/init-bottom ... done.
[   19.594403] systemd[1]: systemd 229 running in system mode. (+PAM +AUDIT +SELINUX +IMA +APPARMOR +SMACK +SYSVINIT +UTMP +LIBCRYPTSETUP +GCRYPT +GNUTLS +ACL +XZ -LZ4 +SECCOMP +BLKID +ELFUTILS +KMOD -IDN)
[   19.636859] systemd[1]: Detected virtualization oracle.
[   19.695408] systemd[1]: Detected architecture x86-64.

Welcome to [1mUbuntu 16.04.4 LTS[0m!

[   19.854800] systemd[1]: Set hostname to <ubuntu>.
[   19.935339] systemd[1]: Initializing machine ID from random generator.
[   20.041451] systemd[1]: Installed transient /etc/machine-id file.
[   20.247967] systemd[1]: Listening on Journal Socket.
[[0;32m  OK  [0m] Listening on Journal Socket.
[   20.251042] systemd[1]: Listening on LVM2 metadata daemon socket.
[[0;32m  OK  [0m] Listening on LVM2 metadata daemon socket.
[   20.254393] systemd[1]: Started Forward Password Requests to Wall Directory Watch.
[[0;32m  OK  [0m] Started Forward Password Requests to Wall Directory Watch.
[   20.263385] systemd[1]: Listening on udev Kernel Socket.
[[0;32m  OK  [0m] Listening on udev Kernel Socket.
[   20.378480] systemd[1]: Reached target User and Group Name Lookups.
[[0;32m  OK  [0m] Reached target User and Group Name Lookups.
[   20.514213] systemd[1]: Listening on LVM2 poll daemon socket.
[[0;32m  OK  [0m] Listening on LVM2 poll daemon socket.
[   20.521416] systemd[1]: Listening on Journal Audit Socket.
[[0;32m  OK  [0m] Listening on Journal Audit Socket.
[   20.527106] systemd[1]: Created slice User and Session Slice.
[[0;32m  OK  [0m] Created slice User and Session Slice.
[   20.531768] systemd[1]: Set up automount Arbitrary Executable File Formats File System Automount Point.
[[0;32m  OK  [0m] Set up automount Arbitrary Executab...ats File System Automount Point.
[   20.550345] systemd[1]: Started Trigger resolvconf update for networkd DNS.
[[0;32m  OK  [0m] Started Trigger resolvconf update for networkd DNS.
[   20.558975] systemd[1]: Listening on /dev/initctl Compatibility Named Pipe.
[[0;32m  OK  [0m] Listening on /dev/initctl Compatibility Named Pipe.
[   20.568047] systemd[1]: Listening on Journal Socket (/dev/log).
[[0;32m  OK  [0m] Listening on Journal Socket (/dev/log).
[   20.575568] systemd[1]: Created slice System Slice.
[[0;32m  OK  [0m] Created slice System Slice.
[   20.581093] systemd[1]: Mounting POSIX Message Queue File System...
         Mounting POSIX M[   20.590603] random: nonblocking pool is initialized
essage Queue File System...
[   20.630811] systemd[1]: Starting Nameserver information manager...
         Starting Nameserver information manager...
[   20.683113] systemd[1]: Mounting Debug File System...
         Mounting Debug File System...
[   20.758925] systemd[1]: Starting Remount Root and Kernel File Systems...
         Starting Remount Root and Kernel[   20.889142] EXT4-fs (sda1): re-mounted. Opts: (null)
 File Systems...
[   20.961944] systemd[1]: Created slice system-serial\x2dgetty.slice.
[[0;32m  OK  [0m] Created slice system-serial\x2dgetty.slice.
[   20.990440] systemd[1]: Mounting Huge Pages File System...
         Mounting Huge Pages File System...
[   21.055882] systemd[1]: Starting Set console keymap...
         Starting Set console keymap...
[   21.093352] systemd[1]: Reached target Slices.
[[0;32m  OK  [0m] Reached target Slices.
[   21.101514] systemd[1]: Starting Load Kernel Modules...
         [   21.121353] Loading iSCSI transport class v2.0-870.
Starting Load Kernel Modules...
[   21.154384] systemd[1]: Starting Create list of required static device nodes for the current kernel...
         Starting Create list of required[   21.267980] iscsi: registered transport (tcp)
 st... nodes for the current kernel...
[   21.307822] systemd[1]: Listening on udev Control Socket.
[[0;32m  OK  [0m[   21.340373] iscsi: registered transport (iser)
] Listening on udev Control Socket.
[   21.369517] systemd[1]: Starting Uncomplicated firewall...
         Starting Uncomplicated firewall...
[   21.418177] systemd[1]: Reached target Swap.
[[0;32m  OK  [0m] Reached target Swap.
[   21.454206] systemd[1]: Listening on Syslog Socket.
[[0;32m  OK  [0m] Listening on Syslog Socket.
[   21.542856] systemd[1]: Starting Journal Service...
         Starting Journal Service...
[   21.589923] systemd[1]: Reached target Encrypted Volumes.
[[0;32m  OK  [0m] Reached target Encrypted Volumes.
[   21.616614] systemd[1]: Listening on Device-mapper event daemon FIFOs.
[[0;32m  OK  [0m] Listening on Device-mapper event daemon FIFOs.
[   21.622399] systemd[1]: Starting Monitoring of LVM2 mirrors, snapshots etc. using dmeventd or progress polling...
         Starting Monitoring of LVM2 mirrors... dmeventd or progress polling...
[   21.644649] systemd[1]: Mounted Huge Pages File System.
[[0;32m  OK  [0m] Mounted Huge Pages File System.
[   21.657168] systemd[1]: Mounted POSIX Message Queue File System.
[[0;32m  OK  [0m] Mounted POSIX Message Queue File System.
[   21.663069] systemd[1]: Mounted Debug File System.
[[0;32m  OK  [0m] Mounted Debug File System.
[   21.674360] systemd[1]: Started Journal Service.
[[0;32m  OK  [0m] Started Journal Service.
[[0;32m  OK  [0m] Started Remount Root and Kernel File Systems.
[[0;32m  OK  [0m] Started Set console keymap.
[[0;32m  OK  [0m] Started Load Kernel Modules.
[[0;32m  OK  [0m] Started Create list of required sta...ce nodes for the current kernel.
[[0;32m  OK  [0m] Started Uncomplicated firewall.
[[0;32m  OK  [0m] Started Nameserver information manager.
[[0;32m  OK  [0m] Started LVM2 metadata daemon.
         Starting Create Static Device Nodes in /dev...
         Mounting FUSE Control File System...
         Starting Apply Kernel Variables...
         Starting udev Coldplug all Devices...
         Starting Initial cloud-init job (pre-networking)...
         Starting Load/Save Random Seed...
         Starting Flush Journal to Persistent Storage...
[[0;32m  OK  [0m] Mounted FUSE Control File System.
[[0;32m  OK  [0m] Started Create Static Device Nodes in /dev.
[[0;32m  OK  [0m] Started Monitoring of LVM2 mirrors,...ng dmeventd or progress polling.
[[0;32m  OK  [0m] Started Apply Kernel Variables.
[[0;32m  OK  [0m] Started Load/Save Random Seed.
[[0;32m  OK  [0m] Started udev Coldplug all Devices.
         Starting udev Kernel Device Manager...
[[0;32m  OK  [0m] Started Flush Journal to Persistent Storage.
[[0;32m  OK  [0m] Started udev Kernel Device Manager.
[[0;32m  OK  [0m] Reached target Local File Systems (Pre).
[[0;32m  OK  [0m] Reached target Local File Systems.
         Starting Set console font and keymap...
         Starting Create Volatile Files and Directories...
         Starting LSB: AppArmor initialization...
         Starting Tell Plymouth To Write Out Runtime Data...
         Starting Commit a transient machine-id on disk...
[[0;32m  OK  [0m] Started Dispatch Password Requests to Console Directory Watch.
[[0;32m  OK  [0m] Started Create Volatile Files and Directories.
[[0;32m  OK  [0m] Started Tell Plymouth To Write Out Runtime Data.
[[0;32m  OK  [0m] Started Commit a transient machine-id on disk.
[[0;32m  OK  [0m] Found device /dev/ttyS0.
[[0;32m  OK  [0m] Reached target System Time Synchronized.
         Starting Update UTMP about System Boot/Shutdown...
[[0;32m  OK  [0m] Started Update UTMP about System Boot/Shutdown.
[[0;32m  OK  [0m] Started Set console font and keymap.
[[0;32m  OK  [0m] Created slice system-getty.slice.
[   16.394986] cloud-init[459]: Cloud-init v. 17.2 running 'init-local' at Thu, 17 May 2018 11:34:12 +0000. Up 15.76 seconds.
[[0;32m  OK  [0m] Listening on Load/Save RF Kill Switch Status /dev/rfkill Watch.
[[0;32m  OK  [0m] Started Initial cloud-init job (pre-networking).
[[0;32m  OK  [0m] Reached target Network (Pre).
[[0;32m  OK  [0m] Started LSB: AppArmor initialization.
         Starting Raise network interfaces...
[[0;32m  OK  [0m] Started Raise network interfaces.
[[0;32m  OK  [0m] Reached target Network.
         Starting Initial cloud-init job (metadata service crawler)...
[   19.539435] cloud-init[960]: Cloud-init v. 17.2 running 'init' at Thu, 17 May 2018 11:34:15 +0000. Up 18.97 seconds.
[   19.548527] cloud-init[960]: ci-info: ++++++++++++++++++++++++++++++++++++++Net device info++++++++++++++++++++++++++++++++++++++
[   19.606729] cloud-init[[0;32m  OK  [0m] Started Initial cloud-init job (metadata service crawler).
[960]: ci-info: +--------+-------+----------------------------+---------------+-------+-------------------+
[   19.628469] cloud-init[960]: ci-info: | Device |   Up  |          Address           |      Mask     | Scope |     Hw-Address    |
[   19.643156] [[0;32m  OK  [0m] Reached target Cloud-config availability.
[[0;32m  OK  [0m] Reached target System Initialization.
[[0;32m  OK  [0m] Listening on UUID daemon activation socket.
cloud-init[960]: ci-info: +--------+-------+----------------------------+---------------+-------+-------------------+
         [   19.680553] cloud-init[960]: ci-info: | enp0s3 |  True |         10.0.2.15          | 255.255.255.0 |   .   | 02:ec:c5:86:c8:d5 |Starting LXD - unix socket.
[[0;32m  OK  [0m] Started Daily apt download activities.
[[0;32m  OK  [0m] Started Daily apt upgrade and clean activities.
[[0;32m  OK  [0m] Listening on ACPID Listen Socket.
[[0;32m  OK  [0m] Listening on D-Bus System Message Bus Socket.
         Starting Socket activation for snappy daemon.
[[0;32m  OK  [0m] Started Timer to automatically refresh installed snaps.

[[0;32m  OK  [0m] Started ACPI Events Check.
[[0;32m  OK  [0m] Reached target Paths.
[   19.739042] cloud-init[960]: ci-info: | enp0s3 |  True | fe80::ec:c5ff:fe86:c8d5/64 |       .       |  link | 02:ec:c5:86:c8:d5 |
[[0;32m  OK  [0m] Started Daily Cleanup of Temporary Directories.
[   19.792165] cloud-init[960]: ci-info: | enp0s8 | False |             .              |       .       |   .   | 08:00:27:79:bf:c9 |
[[0;32m  OK  [0m] Reached target Timers.
[[0;32m  OK  [0m] Reached target Network is Online.
[   19.816269] cloud-init[960]: ci-info: |   lo   |  True |         127.0.0.1          |   255.0.0.0   |   .   |         .         |         Starting iSCSI initiator daemon (iscsid)...
[[0;32m  OK  [0m] Listening on LXD - unix socket.
[[0;32m  OK  [0m] Listening on Socket activation for snappy daemon.
[[0;32m  OK  [0m] Reached target Sockets.
[[0;32m  OK  [0m] Reached target Basic System.

         Starting Pollinate to seed the pseudo random number generator...
[[0;32m  OK  [0m] Started FUSE filesystem for LXC.
         Starting Login Service...
[[0;32m  OK  [0m] Started Deferred execution scheduler.
[   19.886160] cloud-init[960]: ci-info: |   lo   |  True |          ::1/128           |       .       |  host |         .         |
[[0;32m  OK  [0m] Started ACPI event daemon.
         Starting Apply the settings specified in cloud-config...
[[0;32m  OK  [0m] Started Regular background program processing daemon.
[   19.948239] cloud-init[960]: ci-info: +--------+-------+----------------------------+---------------+-------+-------------------+
[[0;32m  OK  [0m] Started D-Bus System Message Bus.
[   19.989915] cloud-init[960]: ci-info: +++++++++++++++++++++++++++Route IPv4 info++++++++++++++++++++++++++++
[[   20.024382] cloud-init[960]: ci-info: +-------+-------------+----------+---------------+-----------+-------+[0;32m  OK  [0m] Started Unattended Upgrades Shutdown.
         Starting LSB: MD monitoring daemon...
         Starting LSB: Record successful boot for GRUB...

[   20.043060] cloud-init[960]: ci-info: | Route | Destination | Gateway  |    Genmask    | Interface | Flags |
         Starting LXD - container startup/shutdown...
         Starting /etc/rc.local Compatibility...
         [   20.071968] cloud-init[960]: ci-info: +-------+-------------+----------+---------------+-----------+-------+
[   20.087486] cloud-init[960]: ci-info: |   0   |   0.0.0.0   | 10.0.2.2 |    0.0.0.0    |   enp0s3  |   UG  |
[   20.087545] cloud-init[960]: ci-info: |   1   |   10.0.2.0  | 0.0.0.0  | 255.255.255.0 |   enp0s3  |   U   |
[   20.087587] cloud-init[960]: ci-info: +-------+-------------+----------+---------------+-----------+-------+
Starting System Logging Service...
         Starting Accounts Service...
[   20.107761] cloud-init[960]: Generating public/private rsa key pair.
         Starting Snappy daemon...
[   20.170126] cloud-init[960]: Your identification has been saved in /etc/ssh/ssh_host_rsa_key.[[0;32m  OK  [0m] Started System Logging Service.

[[0;32m  OK  [0m] Started /etc/rc.local Compatibility.[   20.213264] cloud-init[960]: Your public key has been saved in /etc/ssh/ssh_host_rsa_key.pub.
[[0;32m  OK  [0m] Started iSCSI initiator daemon (iscsid).

[   20.226726] cloud-init[960]: The key fingerprint is:
[   20.259794] cloud-init[960]: SHA256:f/HZzclFVQu9twdXMYjQFPlmc/m8uPorxNvsDc2ZlRE root@ubuntu-xenial
[   20.301005] cloud-init[960]: The key's randomart image is:
[   20.329250] cloud-init[960]: +---[RSA 2048]----+
[[0;32m  OK  [0m] Started LXD - container startup/shutdown.
[   20.378789] cloud-init[960]: |         .+o+.oE=|
[   20.404450] cloud-init[960]: |           + ...*|
[[0;32m  OK  [0m] Started Login Service.
         Starting Authenticate and Authorize Users to Run Privileged Tasks...[   20.423356] cloud-init[960]: |            .  o=|

         Starting Login to default iSCSI targets...
[[0;32m  OK  [0m] Started Snappy daemon.[   20.472549] cloud-init[960]: |             =.==|

[[0;32m  OK  [0m] Started LSB: MD monitoring daemon.
[[0;32m  OK  [0m] Started LSB: Record successful boot for GRUB.
[[0;32m  OK  [0m] [   20.526157] cloud-init[960]: |        S . + o=*|
[   20.545355] cloud-init[960]: |         . o o+=@|
[   20.545402] cloud-init[960]: |          o =.+B*|
[   20.545450] cloud-init[960]: |           + +o. |
[   20.545498] cloud-init[960]: |           .==o. |
[   20.545594] cloud-init[960]: +----[SHA256]-----+
[   20.545644] cloud-init[960]: Generating public/private dsa key pair.
[   20.545682] cloud-init[960]: Your identification has been saved in /etc/ssh/ssh_host_dsa_key.
[   20.545780] cloud-init[960]: Your public key has been saved in /etc/ssh/ssh_host_dsa_key.pub.
[   20.545837] cloud-init[960]: The key fingerprint is:
[   20.545875] cloud-init[960]: SHA256:rQIiund8aNisei6wCJsLqiC/lxgasQF8ANr+vyjmH+8 root@ubuntu-xenial
[   20.545925] cloud-init[960]: The key's randomart image is:
[   20.545963] cloud-init[960]: +---[DSA 1024]----+
[   20.545995] cloud-init[960]: |+..              |
[   20.546027] cloud-init[960]: |oo .             |
[   20.546069] cloud-init[960]: |o o              |
[   20.546110] cloud-init[960]: |o.       .       |
[   20.546143] cloud-init[960]: |.+o .   S .      |
[   20.546179] cloud-init[960]: |*..o .   .       |
[   20.546253] cloud-init[960]: |O* Boo. .        |
[   20.546299] cloud-init[960]: |%oB X=..         |
[   20.546333] cloud-init[960]: |BX*OooE.         |
[   20.546365] cloud-init[960]: +----[SHA256]-----+
[   20.546404] cloud-init[960]: Generating public/private ecdsa key pair.
[   20.546558] cloud-init[960]: Your identification has been saved in /etc/ssh/ssh_host_ecdsa_key.
[   20.546612] cloud-init[960]: Your public key has been saved in /etc/ssh/ssh_host_ecdsa_key.pub.
[   20.546649] cloud-init[960]: The key fingerprint is:
[   20.546682] cloud-init[960]: SHA256:GdCHUwje4GIZLrckKF3oUAJV6x8fQulIfmPjCki7VXo root@ubuntu-xenial
[   20.546716] cloud-init[960]: The key's randomart image is:
[   20.546761] cloud-init[960]: +---[ECDSA 256]---+
[   20.546795] cloud-init[960]: |+ooo+ +o +.      |
[   20.546837] cloud-init[960]: |.+.o * == .      |
[   20.546888] cloud-init[960]: |oo+ X = oo       |
[   20.546939] cloud-init[960]: |. .X *   o       |
[   20.546992] cloud-init[960]: | .  =.O S        |
[   20.547036] cloud-init[960]: |... o= * .       |
[   20.547070] cloud-init[960]: |...o Eo .        |
[   20.547103] cloud-init[960]: |  o...           |
[   20.547225] cloud-init[960]: | .  .            |
[   20.547302] cloud-init[960]: +----[SHA256]-----+
[   20.547356] cloud-init[960]: Generating public/private ed25519 key pair.
[   20.547408] cloud-init[960]: Your identification has been saved in /etc/ssh/ssh_host_ed25519_key.
[   20.547459] cloud-init[960]: Your public key has been saved in /etc/ssh/ssh_host_ed25519_key.pub.
[   20.547509] cloud-init[960]: The key fingerprint is:
[   20.547560] cloud-init[960]: SHA256:AoPERzvbxT7s+0nFmqxJNx0mV2w67IDbBenbZohabTU root@ubuntu-xenial
[   20.547608] cloud-init[960]: The key's randomart image is:
[   20.547658] cloud-init[960]: +--[ED25519 256]--+
Started Authenticate and Authorize Users to Run Privileged Tasks.
[[0;32m  OK  [0m] Started Pollinate to seed the pseudo random number generator.
[[0;32m  OK  [0m] Started Accounts Service.
[   20.556557] cloud-init[960]: | ....            |
[   21.050967] cloud-init[960]: | ..... .   . .   |
         Starting OpenBSD Secure Shell server...
[   21.079946] cloud-init[960]: |  ..=   o o   +  |
[[0;32m  OK  [0m] Started Login to default iSCSI targets.
[[0;32m  OK  [0m] Reached target Remote File Systems (Pre).
[[0;32m  OK  [0m] Reached target Remote File Systems.
         Starting LSB: daemon to balance interrupts for SMP systems...
         Starting LSB: automatic crash report generation...
         Starting LSB: Set the CPU Frequency Scaling governor to "ondemand"...[   21.135799] cloud-init[960]: |     * + o + +   |
[   21.208241] cloud-init[960]: |    . o S + E    |
[   21.208279] cloud-init[960]: |       o B ^ +   |
[   21.208310] cloud-init[960]: |        * & *    |
[   21.208339] cloud-init[960]: |       + B =     |
[   21.209706] cloud-init[960]: |      . +.o      |
[   21.209875] cloud-init[960]: +----[SHA256]-----+

         Starting LSB: VirtualBox Linux Additions...
         Starting Permit User Sessions...
[[0;32m  OK  [0m] Started OpenBSD Secure Shell server.
[[0;32m  OK  [0m] Started Permit User Sessions.
         Starting Terminate Plymouth Boot Screen...
         Starting Hold until boot process finishes up...
[[0;32m  OK  [0m] Started LSB: daemon to balance interrupts for SMP systems.
[[0;32m  OK  [0m] Started LSB: automatic crash report generation.
[[0;32m  OK  [0m] Started LSB: Set the CPU Frequency Scaling governor to "ondemand".
[[0;32m  OK  [0m] Started Terminate Plymouth Boot Screen.
[[0;32m  OK  [0m] Started Hold until boot process finishes up.
         Starting Set console scheme...
[[0;32m  OK  [0m] Started Serial Getty on ttyS0.
[[0;32m  OK  [0m] Started Getty on tty1.
[[0;32m  OK  [0m] Reached target Login Prompts.
[[0;32m  OK  [0m] Started Set console scheme.
[[0;32m  OK  [0m] Started LSB: VirtualBox Linux Additions.
[[0;32m  OK  [0m] Reached target Multi-User System.
[[0;32m  OK  [0m] Reached target Graphical Interface.
         Starting Update UTMP about System Runlevel Changes...
[[0;32m  OK  [0m] Created slice User Slice of vagrant.
         Starting User Manager for UID 1000...
[   21.677826] cloud-init[1092]: Generating locales (this might take a while)...
[[0;32m  OK  [0m] Started User Manager for UID 1000.
[[0;32m  OK  [0m] Started Update UTMP about System Runlevel Changes.
[[0;32m  OK  [0m] Started Session 1 of user vagrant.
[   23.096186] cloud-init[1092]:   en_US.UTF-8... done
[   23.108692] cloud-init[1092]: Generation complete.
[   23.612444] cloud-init[1092]: Cloud-init v. 17.2 running 'modules:config' at Thu, 17 May 2018 11:34:18 +0000. Up 21.23 seconds.
[[0;32m  OK  [0m] Started Apply the settings specified in cloud-config.
         Starting Execute cloud user/final scripts...
ci-info: no authorized ssh keys fingerprints found for user ubuntu.
<14>May 17 11:34:21 ec2: 
<14>May 17 11:34:21 ec2: #############################################################
<14>May 17 11:34:21 ec2: -----BEGIN SSH HOST KEY FINGERPRINTS-----
<14>May 17 11:34:21 ec2: 1024 SHA256:rQIiund8aNisei6wCJsLqiC/lxgasQF8ANr+vyjmH+8 root@ubuntu-xenial (DSA)
<14>May 17 11:34:21 ec2: 256 SHA256:GdCHUwje4GIZLrckKF3oUAJV6x8fQulIfmPjCki7VXo root@ubuntu-xenial (ECDSA)
<14>May 17 11:34:21 ec2: 256 SHA256:AoPERzvbxT7s+0nFmqxJNx0mV2w67IDbBenbZohabTU root@ubuntu-xenial (ED25519)
<14>May 17 11:34:21 ec2: 2048 SHA256:f/HZzclFVQu9twdXMYjQFPlmc/m8uPorxNvsDc2ZlRE root@ubuntu-xenial (RSA)
<14>May 17 11:34:21 ec2: -----END SSH HOST KEY FINGERPRINTS-----
<14>May 17 11:34:21 ec2: #############################################################
-----BEGIN SSH HOST KEY KEYS-----
ecdsa-sha2-nistp256 AAAAE2VjZHNhLXNoYTItbmlzdHAyNTYAAAAIbmlzdHAyNTYAAABBBA108JJsfY4fJmeHTJvoA5TsQZ8KlXsjJnTy7V+caYGNw5mOn2Zh6/i3tPxcUS0gKMXd1C12oVmR+7fYYCrWOPQ= root@ubuntu-xenial
ssh-ed25519 AAAAC3NzaC1lZDI1NTE5AAAAIKBSRpJfT7oCKnii6VpB1VmM0p+4xTi6eU0dMUaxLNE0 root@ubuntu-xenial
ssh-rsa AAAAB3NzaC1yc2EAAAADAQABAAABAQDLgDQmRmByuUwPXrgKx3igT7NlS1kqcZLK4wftg3tkrSP4pbYvgVL/Ynhuf2kI87vFPQAa86FwWjXyq8lfKy+Km9+EoVBCmdfk1PAqMuuaJ2vlPU4i3o271XZvin5CLm1qnv6gNx1TGLyzMftjPqbOn2J40PGRdulWPNynMmuR1xYqnpE6v1vlJZcZnN5vDmkL6gD8OORSWHf/Yp5jF9nrE9JkkyW32RjUuevtHvFhwXcCI8CwDDiwxNHGWqeUpmwemGRlbpTLW5M/CUJ/oVFbo9eQyMxakBAPXO4GjWEHSXGRLVCNZc4RadKf+SMqMAQknWjOh6u+m9jFtTFNrj+3 root@ubuntu-xenial
-----END SSH HOST KEY KEYS-----
         Stopping User Manager for UID 1000...
[[0;32m  OK  [0m] Stopped User Manager for UID 1000.
[   24.742165] cloud-init[1467]: Cloud-init v. 17.2 running 'modules:final' at Thu, 17 May 2018 11:34:21 +0000. Up 24.29 seconds.
[[0;32m  OK  [0m[   24.804756] cloud-init[1467]: ci-info: no authorized ssh keys fingerprints found for user ubuntu.
] Removed slice User Slice of vagrant.
[   24.812391] cloud-init[1467]: Cloud-init v. 17.2 finished at Thu, 17 May 2018 11:34:21 +0000. Datasource DataSourceNoCloud [seed=/dev/sdb][dsmode=net].  Up 24.73 seconds
[[0;32m  OK  [0m] Started Execute cloud user/final scripts.
[[0;32m  OK  [0m] Reached target Cloud-init target.

Ubuntu 16.04.4 LTS worker2 ttyS0

worker2 login: 